2018-06-14 15:43:52.834  INFO 11092 --- [main] org.darcy.gate.GateStartup               : Starting GateStartup on LIPENG with PID 11092 (D:\Project\Sanguo\target\classes started by darcy in D:\Project\Sanguo)
2018-06-14 15:43:52.837  INFO 11092 --- [main] org.darcy.gate.GateStartup               : No active profile set, falling back to default profiles: default
2018-06-14 15:43:52.892  INFO 11092 --- [main] ationConfigEmbeddedWebApplicationContext : Refreshing org.springframework.boot.context.embedded.AnnotationConfigEmbeddedWebApplicationContext@11fc564b: startup date [Thu Jun 14 15:43:52 CST 2018]; root of context hierarchy
2018-06-14 15:43:53.668  WARN 11092 --- [main] o.m.s.mapper.ClassPathMapperScanner      : No MyBatis mapper was found in '[org.darcy.gate]' package. Please check your configuration.
2018-06-14 15:43:53.717  INFO 11092 --- [main] .s.d.r.c.RepositoryConfigurationDelegate : Multiple Spring Data modules found, entering strict repository configuration mode!
2018-06-14 15:43:53.762  INFO 11092 --- [main] .s.d.r.c.RepositoryConfigurationDelegate : Multiple Spring Data modules found, entering strict repository configuration mode!
2018-06-14 15:43:55.582  INFO 11092 --- [main] s.b.c.e.t.TomcatEmbeddedServletContainer : Tomcat initialized with port(s): 8082 (http)
2018-06-14 15:43:55.599  INFO 11092 --- [main] o.apache.catalina.core.StandardService   : Starting service [Tomcat]
2018-06-14 15:43:55.600  INFO 11092 --- [main] org.apache.catalina.core.StandardEngine  : Starting Servlet Engine: Apache Tomcat/8.5.23
2018-06-14 15:43:55.777  INFO 11092 --- [localhost-startStop-1] o.a.c.c.C.[Tomcat].[localhost].[/]       : Initializing Spring embedded WebApplicationContext
2018-06-14 15:43:55.778  INFO 11092 --- [localhost-startStop-1] o.s.web.context.ContextLoader            : Root WebApplicationContext: initialization completed in 2889 ms
2018-06-14 15:43:55.945  INFO 11092 --- [localhost-startStop-1] o.s.b.w.servlet.ServletRegistrationBean  : Mapping servlet: 'dispatcherServlet' to [/]
2018-06-14 15:43:55.949  INFO 11092 --- [localhost-startStop-1] o.s.b.w.servlet.FilterRegistrationBean   : Mapping filter: 'characterEncodingFilter' to: [/*]
2018-06-14 15:43:55.950  INFO 11092 --- [localhost-startStop-1] o.s.b.w.servlet.FilterRegistrationBean   : Mapping filter: 'hiddenHttpMethodFilter' to: [/*]
2018-06-14 15:43:55.950  INFO 11092 --- [localhost-startStop-1] o.s.b.w.servlet.FilterRegistrationBean   : Mapping filter: 'httpPutFormContentFilter' to: [/*]
2018-06-14 15:43:55.950  INFO 11092 --- [localhost-startStop-1] o.s.b.w.servlet.FilterRegistrationBean   : Mapping filter: 'requestContextFilter' to: [/*]
2018-06-14 15:43:56.383  INFO 11092 --- [main] s.w.s.m.m.a.RequestMappingHandlerAdapter : Looking for @ControllerAdvice: org.springframework.boot.context.embedded.AnnotationConfigEmbeddedWebApplicationContext@11fc564b: startup date [Thu Jun 14 15:43:52 CST 2018]; root of context hierarchy
2018-06-14 15:43:56.464  INFO 11092 --- [main] s.w.s.m.m.a.RequestMappingHandlerMapping : Mapped "{[/error]}" onto public org.springframework.http.ResponseEntity<java.util.Map<java.lang.String, java.lang.Object>> org.springframework.boot.autoconfigure.web.BasicErrorController.error(javax.servlet.http.HttpServletRequest)
2018-06-14 15:43:56.465  INFO 11092 --- [main] s.w.s.m.m.a.RequestMappingHandlerMapping : Mapped "{[/error],produces=[text/html]}" onto public org.springframework.web.servlet.ModelAndView org.springframework.boot.autoconfigure.web.BasicErrorController.errorHtml(javax.servlet.http.HttpServletRequest,javax.servlet.http.HttpServletResponse)
2018-06-14 15:43:56.506  INFO 11092 --- [main] o.s.w.s.handler.SimpleUrlHandlerMapping  : Mapped URL path [/webjars/**] onto handler of type [class org.springframework.web.servlet.resource.ResourceHttpRequestHandler]
2018-06-14 15:43:56.507  INFO 11092 --- [main] o.s.w.s.handler.SimpleUrlHandlerMapping  : Mapped URL path [/**] onto handler of type [class org.springframework.web.servlet.resource.ResourceHttpRequestHandler]
2018-06-14 15:43:56.560  INFO 11092 --- [main] o.s.w.s.handler.SimpleUrlHandlerMapping  : Mapped URL path [/**/favicon.ico] onto handler of type [class org.springframework.web.servlet.resource.ResourceHttpRequestHandler]
2018-06-14 15:44:00.197  INFO 11092 --- [main] o.s.s.concurrent.ThreadPoolTaskExecutor  : Initializing ExecutorService 
2018-06-14 15:44:02.450  INFO 11092 --- [main] org.mongodb.driver.cluster               : Cluster created with settings {hosts=[192.168.1.111:27017], mode=MULTIPLE, requiredClusterType=UNKNOWN, serverSelectionTimeout='30000 ms', maxWaitQueueSize=500}
2018-06-14 15:44:02.450  INFO 11092 --- [main] org.mongodb.driver.cluster               : Adding discovered server 192.168.1.111:27017 to client view of cluster
2018-06-14 15:44:02.871  INFO 11092 --- [main] o.s.w.s.v.f.FreeMarkerConfigurer         : ClassTemplateLoader for Spring macros added to FreeMarker configuration
2018-06-14 15:44:03.286  INFO 11092 --- [main] o.s.j.e.a.AnnotationMBeanExporter        : Registering beans for JMX exposure on startup
2018-06-14 15:44:03.288  INFO 11092 --- [main] o.s.j.e.a.AnnotationMBeanExporter        : Bean with name 'dataSource' has been autodetected for JMX exposure
2018-06-14 15:44:03.293  INFO 11092 --- [main] o.s.j.e.a.AnnotationMBeanExporter        : Located MBean 'dataSource': registering with JMX server as MBean [com.alibaba.druid.pool:name=dataSource,type=DruidDataSource]
2018-06-14 15:44:03.299  INFO 11092 --- [main] o.s.c.support.DefaultLifecycleProcessor  : Starting beans in phase 2147483647
2018-06-14 15:44:03.369  INFO 11092 --- [main] s.b.c.e.t.TomcatEmbeddedServletContainer : Tomcat started on port(s): 8082 (http)
2018-06-14 15:44:03.374  INFO 11092 --- [main] org.darcy.gate.GateStartup               : Started GateStartup in 10.95 seconds (JVM running for 11.497)
2018-06-14 15:44:03.502  INFO 11092 --- [cluster-ClusterId{value='5b221cc225af572b544f8921', description='null'}-192.168.1.111:27017] org.mongodb.driver.cluster               : Exception in monitor thread while connecting to server 192.168.1.111:27017

com.mongodb.MongoSocketOpenException: Exception opening socket
	at com.mongodb.connection.SocketStream.open(SocketStream.java:63) ~[mongodb-driver-core-3.4.3.jar:na]
	at com.mongodb.connection.InternalStreamConnection.open(InternalStreamConnection.java:115) ~[mongodb-driver-core-3.4.3.jar:na]
	at com.mongodb.connection.DefaultServerMonitor$ServerMonitorRunnable.run(DefaultServerMonitor.java:113) ~[mongodb-driver-core-3.4.3.jar:na]
	at java.lang.Thread.run(Thread.java:748) [na:1.8.0_144]
Caused by: java.net.ConnectException: Connection refused: connect
	at java.net.DualStackPlainSocketImpl.waitForConnect(Native Method) ~[na:1.8.0_144]
	at java.net.DualStackPlainSocketImpl.socketConnect(DualStackPlainSocketImpl.java:85) ~[na:1.8.0_144]
	at java.net.AbstractPlainSocketImpl.doConnect(AbstractPlainSocketImpl.java:350) ~[na:1.8.0_144]
	at java.net.AbstractPlainSocketImpl.connectToAddress(AbstractPlainSocketImpl.java:206) ~[na:1.8.0_144]
	at java.net.AbstractPlainSocketImpl.connect(AbstractPlainSocketImpl.java:188) ~[na:1.8.0_144]
	at java.net.PlainSocketImpl.connect(PlainSocketImpl.java:172) ~[na:1.8.0_144]
	at java.net.SocksSocketImpl.connect(SocksSocketImpl.java:392) ~[na:1.8.0_144]
	at java.net.Socket.connect(Socket.java:589) ~[na:1.8.0_144]
	at com.mongodb.connection.SocketStreamHelper.initialize(SocketStreamHelper.java:57) ~[mongodb-driver-core-3.4.3.jar:na]
	at com.mongodb.connection.SocketStream.open(SocketStream.java:58) ~[mongodb-driver-core-3.4.3.jar:na]
	... 3 common frames omitted

2018-06-14 15:53:33.232  INFO 15860 --- [main] org.darcy.gate.GateStartup               : Starting GateStartup on LIPENG with PID 15860 (D:\Project\Sanguo\target\classes started by darcy in D:\Project\Sanguo)
2018-06-14 15:53:33.237  INFO 15860 --- [main] org.darcy.gate.GateStartup               : No active profile set, falling back to default profiles: default
2018-06-14 15:53:33.295  INFO 15860 --- [main] ationConfigEmbeddedWebApplicationContext : Refreshing org.springframework.boot.context.embedded.AnnotationConfigEmbeddedWebApplicationContext@6581dc0a: startup date [Thu Jun 14 15:53:33 CST 2018]; root of context hierarchy
2018-06-14 15:53:34.309  WARN 15860 --- [main] o.m.s.mapper.ClassPathMapperScanner      : No MyBatis mapper was found in '[org.darcy.gate]' package. Please check your configuration.
2018-06-14 15:53:34.370  INFO 15860 --- [main] .s.d.r.c.RepositoryConfigurationDelegate : Multiple Spring Data modules found, entering strict repository configuration mode!
2018-06-14 15:53:34.408  INFO 15860 --- [main] .s.d.r.c.RepositoryConfigurationDelegate : Multiple Spring Data modules found, entering strict repository configuration mode!
2018-06-14 15:53:36.273  INFO 15860 --- [main] s.b.c.e.t.TomcatEmbeddedServletContainer : Tomcat initialized with port(s): 8082 (http)
2018-06-14 15:53:36.292  INFO 15860 --- [main] o.apache.catalina.core.StandardService   : Starting service [Tomcat]
2018-06-14 15:53:36.293  INFO 15860 --- [main] org.apache.catalina.core.StandardEngine  : Starting Servlet Engine: Apache Tomcat/8.5.23
2018-06-14 15:53:36.484  INFO 15860 --- [localhost-startStop-1] o.a.c.c.C.[Tomcat].[localhost].[/]       : Initializing Spring embedded WebApplicationContext
2018-06-14 15:53:36.485  INFO 15860 --- [localhost-startStop-1] o.s.web.context.ContextLoader            : Root WebApplicationContext: initialization completed in 3193 ms
2018-06-14 15:53:36.856  INFO 15860 --- [localhost-startStop-1] o.s.b.w.servlet.ServletRegistrationBean  : Mapping servlet: 'dispatcherServlet' to [/]
2018-06-14 15:53:36.861  INFO 15860 --- [localhost-startStop-1] o.s.b.w.servlet.FilterRegistrationBean   : Mapping filter: 'characterEncodingFilter' to: [/*]
2018-06-14 15:53:36.862  INFO 15860 --- [localhost-startStop-1] o.s.b.w.servlet.FilterRegistrationBean   : Mapping filter: 'hiddenHttpMethodFilter' to: [/*]
2018-06-14 15:53:36.862  INFO 15860 --- [localhost-startStop-1] o.s.b.w.servlet.FilterRegistrationBean   : Mapping filter: 'httpPutFormContentFilter' to: [/*]
2018-06-14 15:53:36.862  INFO 15860 --- [localhost-startStop-1] o.s.b.w.servlet.FilterRegistrationBean   : Mapping filter: 'requestContextFilter' to: [/*]
2018-06-14 15:53:37.182 ERROR 15860 --- [localhost-startStop-1] o.a.c.c.C.[Tomcat].[localhost].[/]       : Exception sending context initialized event to listener instance of class [org.darcy.gate.listener.GateContextListener]

java.lang.IllegalStateException: Cannot get a NUMERIC value from a STRING cell
	at org.apache.poi.hssf.usermodel.HSSFCell.typeMismatch(HSSFCell.java:654) ~[poi-3.17.jar:3.17]
	at org.apache.poi.hssf.usermodel.HSSFCell.getNumericCellValue(HSSFCell.java:679) ~[poi-3.17.jar:3.17]
	at org.darcy.gate.version.VersionManager.reload(VersionManager.java:23) ~[classes/:na]
	at org.darcy.gate.listener.GateContextListener.contextInitialized(GateContextListener.java:65) ~[classes/:na]
	at org.apache.catalina.core.StandardContext.listenerStart(StandardContext.java:4743) [tomcat-embed-core-8.5.23.jar:8.5.23]
	at org.apache.catalina.core.StandardContext.startInternal(StandardContext.java:5207) [tomcat-embed-core-8.5.23.jar:8.5.23]
	at org.apache.catalina.util.LifecycleBase.start(LifecycleBase.java:150) [tomcat-embed-core-8.5.23.jar:8.5.23]
	at org.apache.catalina.core.ContainerBase$StartChild.call(ContainerBase.java:1419) [tomcat-embed-core-8.5.23.jar:8.5.23]
	at org.apache.catalina.core.ContainerBase$StartChild.call(ContainerBase.java:1409) [tomcat-embed-core-8.5.23.jar:8.5.23]
	at java.util.concurrent.FutureTask.run(FutureTask.java:266) [na:1.8.0_144]
	at java.util.concurrent.ThreadPoolExecutor.runWorker(ThreadPoolExecutor.java:1149) [na:1.8.0_144]
	at java.util.concurrent.ThreadPoolExecutor$Worker.run(ThreadPoolExecutor.java:624) [na:1.8.0_144]
	at java.lang.Thread.run(Thread.java:748) [na:1.8.0_144]

2018-06-14 15:53:37.182 ERROR 15860 --- [localhost-startStop-1] o.apache.catalina.core.StandardContext   : One or more listeners failed to start. Full details will be found in the appropriate container log file
2018-06-14 15:53:37.183 ERROR 15860 --- [localhost-startStop-1] o.apache.catalina.core.StandardContext   : Context [] startup failed due to previous errors
2018-06-14 15:53:37.194 ERROR 15860 --- [localhost-startStop-1] o.a.c.c.C.[Tomcat].[localhost].[/]       : Exception sending context destroyed event to listener instance of class [org.darcy.gate.listener.GateContextListener]

java.lang.IllegalStateException: Cannot get a NUMERIC value from a STRING cell
	at org.apache.poi.hssf.usermodel.HSSFCell.typeMismatch(HSSFCell.java:654) ~[poi-3.17.jar:3.17]
	at org.apache.poi.hssf.usermodel.HSSFCell.getNumericCellValue(HSSFCell.java:679) ~[poi-3.17.jar:3.17]
	at org.darcy.gate.server.ServerManager.reload(ServerManager.java:98) ~[classes/:na]
	at org.darcy.gate.server.ServerManager.getInstance(ServerManager.java:29) ~[classes/:na]
	at org.darcy.gate.listener.GateContextListener.contextDestroyed(GateContextListener.java:51) ~[classes/:na]
	at org.apache.catalina.core.StandardContext.listenerStop(StandardContext.java:4790) [tomcat-embed-core-8.5.23.jar:8.5.23]
	at org.apache.catalina.core.StandardContext.stopInternal(StandardContext.java:5429) [tomcat-embed-core-8.5.23.jar:8.5.23]
	at org.apache.catalina.util.LifecycleBase.stop(LifecycleBase.java:226) [tomcat-embed-core-8.5.23.jar:8.5.23]
	at org.apache.catalina.util.LifecycleBase.start(LifecycleBase.java:154) [tomcat-embed-core-8.5.23.jar:8.5.23]
	at org.apache.catalina.core.ContainerBase$StartChild.call(ContainerBase.java:1419) [tomcat-embed-core-8.5.23.jar:8.5.23]
	at org.apache.catalina.core.ContainerBase$StartChild.call(ContainerBase.java:1409) [tomcat-embed-core-8.5.23.jar:8.5.23]
	at java.util.concurrent.FutureTask.run(FutureTask.java:266) [na:1.8.0_144]
	at java.util.concurrent.ThreadPoolExecutor.runWorker(ThreadPoolExecutor.java:1149) [na:1.8.0_144]
	at java.util.concurrent.ThreadPoolExecutor$Worker.run(ThreadPoolExecutor.java:624) [na:1.8.0_144]
	at java.lang.Thread.run(Thread.java:748) [na:1.8.0_144]

2018-06-14 15:53:37.229  WARN 15860 --- [localhost-startStop-1] o.a.c.loader.WebappClassLoaderBase       : The web application [ROOT] appears to have started a thread named [serverchecker] but has failed to stop it. This is very likely to create a memory leak. Stack trace of thread:
 java.lang.ClassLoader.loadClass(ClassLoader.java:435)
 sun.misc.Launcher$AppClassLoader.loadClass(Launcher.java:335)
 java.lang.ClassLoader.loadClass(ClassLoader.java:357)
 net.sf.json.util.CycleDetectionStrategy.<clinit>(CycleDetectionStrategy.java:37)
 net.sf.json.JsonConfig.<clinit>(JsonConfig.java:65)
 net.sf.json.JSONArray.fromObject(JSONArray.java:105)
 org.darcy.gate.server.ServerManager.geneJson(ServerManager.java:86)
 org.darcy.gate.server.ServerChecker.run(ServerManager.java:151)
 java.lang.Thread.run(Thread.java:748)
2018-06-14 15:53:37.235  WARN 15860 --- [main] ationConfigEmbeddedWebApplicationContext : Exception encountered during context initialization - cancelling refresh attempt: org.springframework.context.ApplicationContextException: Unable to start embedded container; nested exception is org.springframework.boot.context.embedded.EmbeddedServletContainerException: Unable to start embedded Tomcat
2018-06-14 15:53:37.246  INFO 15860 --- [main] utoConfigurationReportLoggingInitializer : 

Error starting ApplicationContext. To display the auto-configuration report re-run your application with 'debug' enabled.
2018-06-14 15:53:37.253 ERROR 15860 --- [main] o.s.boot.SpringApplication               : Application startup failed

org.springframework.context.ApplicationContextException: Unable to start embedded container; nested exception is org.springframework.boot.context.embedded.EmbeddedServletContainerException: Unable to start embedded Tomcat
	at org.springframework.boot.context.embedded.EmbeddedWebApplicationContext.onRefresh(EmbeddedWebApplicationContext.java:137) ~[spring-boot-1.5.9.RELEASE.jar:1.5.9.RELEASE]
	at org.springframework.context.support.AbstractApplicationContext.refresh(AbstractApplicationContext.java:537) ~[spring-context-4.3.13.RELEASE.jar:4.3.13.RELEASE]
	at org.springframework.boot.context.embedded.EmbeddedWebApplicationContext.refresh(EmbeddedWebApplicationContext.java:122) ~[spring-boot-1.5.9.RELEASE.jar:1.5.9.RELEASE]
	at org.springframework.boot.SpringApplication.refresh(SpringApplication.java:693) [spring-boot-1.5.9.RELEASE.jar:1.5.9.RELEASE]
	at org.springframework.boot.SpringApplication.refreshContext(SpringApplication.java:360) [spring-boot-1.5.9.RELEASE.jar:1.5.9.RELEASE]
	at org.springframework.boot.SpringApplication.run(SpringApplication.java:303) [spring-boot-1.5.9.RELEASE.jar:1.5.9.RELEASE]
	at org.springframework.boot.SpringApplication.run(SpringApplication.java:1118) [spring-boot-1.5.9.RELEASE.jar:1.5.9.RELEASE]
	at org.springframework.boot.SpringApplication.run(SpringApplication.java:1107) [spring-boot-1.5.9.RELEASE.jar:1.5.9.RELEASE]
	at org.darcy.gate.GateStartup.main(GateStartup.java:15) [classes/:na]
Caused by: org.springframework.boot.context.embedded.EmbeddedServletContainerException: Unable to start embedded Tomcat
	at org.springframework.boot.context.embedded.tomcat.TomcatEmbeddedServletContainer.initialize(TomcatEmbeddedServletContainer.java:123) ~[spring-boot-1.5.9.RELEASE.jar:1.5.9.RELEASE]
	at org.springframework.boot.context.embedded.tomcat.TomcatEmbeddedServletContainer.<init>(TomcatEmbeddedServletContainer.java:84) ~[spring-boot-1.5.9.RELEASE.jar:1.5.9.RELEASE]
	at org.springframework.boot.context.embedded.tomcat.TomcatEmbeddedServletContainerFactory.getTomcatEmbeddedServletContainer(TomcatEmbeddedServletContainerFactory.java:554) ~[spring-boot-1.5.9.RELEASE.jar:1.5.9.RELEASE]
	at org.springframework.boot.context.embedded.tomcat.TomcatEmbeddedServletContainerFactory.getEmbeddedServletContainer(TomcatEmbeddedServletContainerFactory.java:179) ~[spring-boot-1.5.9.RELEASE.jar:1.5.9.RELEASE]
	at org.springframework.boot.context.embedded.EmbeddedWebApplicationContext.createEmbeddedServletContainer(EmbeddedWebApplicationContext.java:164) ~[spring-boot-1.5.9.RELEASE.jar:1.5.9.RELEASE]
	at org.springframework.boot.context.embedded.EmbeddedWebApplicationContext.onRefresh(EmbeddedWebApplicationContext.java:134) ~[spring-boot-1.5.9.RELEASE.jar:1.5.9.RELEASE]
	... 8 common frames omitted
Caused by: java.lang.IllegalStateException: StandardEngine[Tomcat].StandardHost[localhost].TomcatEmbeddedContext[] failed to start
	at org.springframework.boot.context.embedded.tomcat.TomcatEmbeddedServletContainer.rethrowDeferredStartupExceptions(TomcatEmbeddedServletContainer.java:167) ~[spring-boot-1.5.9.RELEASE.jar:1.5.9.RELEASE]
	at org.springframework.boot.context.embedded.tomcat.TomcatEmbeddedServletContainer.initialize(TomcatEmbeddedServletContainer.java:102) ~[spring-boot-1.5.9.RELEASE.jar:1.5.9.RELEASE]
	... 13 common frames omitted

2018-06-14 15:57:48.277  INFO 16148 --- [main] org.darcy.gate.GateStartup               : Starting GateStartup on LIPENG with PID 16148 (D:\Project\Sanguo\target\classes started by darcy in D:\Project\Sanguo)
2018-06-14 15:57:48.282  INFO 16148 --- [main] org.darcy.gate.GateStartup               : No active profile set, falling back to default profiles: default
2018-06-14 15:57:48.343  INFO 16148 --- [main] ationConfigEmbeddedWebApplicationContext : Refreshing org.springframework.boot.context.embedded.AnnotationConfigEmbeddedWebApplicationContext@3adcc812: startup date [Thu Jun 14 15:57:48 CST 2018]; root of context hierarchy
2018-06-14 15:57:49.210  WARN 16148 --- [main] o.m.s.mapper.ClassPathMapperScanner      : No MyBatis mapper was found in '[org.darcy.gate]' package. Please check your configuration.
2018-06-14 15:57:49.273  INFO 16148 --- [main] .s.d.r.c.RepositoryConfigurationDelegate : Multiple Spring Data modules found, entering strict repository configuration mode!
2018-06-14 15:57:49.315  INFO 16148 --- [main] .s.d.r.c.RepositoryConfigurationDelegate : Multiple Spring Data modules found, entering strict repository configuration mode!
2018-06-14 15:57:51.234  INFO 16148 --- [main] s.b.c.e.t.TomcatEmbeddedServletContainer : Tomcat initialized with port(s): 8082 (http)
2018-06-14 15:57:51.250  INFO 16148 --- [main] o.apache.catalina.core.StandardService   : Starting service [Tomcat]
2018-06-14 15:57:51.252  INFO 16148 --- [main] org.apache.catalina.core.StandardEngine  : Starting Servlet Engine: Apache Tomcat/8.5.23
2018-06-14 15:57:51.450  INFO 16148 --- [localhost-startStop-1] o.a.c.c.C.[Tomcat].[localhost].[/]       : Initializing Spring embedded WebApplicationContext
2018-06-14 15:57:51.450  INFO 16148 --- [localhost-startStop-1] o.s.web.context.ContextLoader            : Root WebApplicationContext: initialization completed in 3111 ms
2018-06-14 15:57:51.833  INFO 16148 --- [localhost-startStop-1] o.s.b.w.servlet.ServletRegistrationBean  : Mapping servlet: 'dispatcherServlet' to [/]
2018-06-14 15:57:51.838  INFO 16148 --- [localhost-startStop-1] o.s.b.w.servlet.FilterRegistrationBean   : Mapping filter: 'characterEncodingFilter' to: [/*]
2018-06-14 15:57:51.839  INFO 16148 --- [localhost-startStop-1] o.s.b.w.servlet.FilterRegistrationBean   : Mapping filter: 'hiddenHttpMethodFilter' to: [/*]
2018-06-14 15:57:51.839  INFO 16148 --- [localhost-startStop-1] o.s.b.w.servlet.FilterRegistrationBean   : Mapping filter: 'httpPutFormContentFilter' to: [/*]
2018-06-14 15:57:51.840  INFO 16148 --- [localhost-startStop-1] o.s.b.w.servlet.FilterRegistrationBean   : Mapping filter: 'requestContextFilter' to: [/*]
2018-06-14 15:57:52.159 ERROR 16148 --- [localhost-startStop-1] o.a.c.c.C.[Tomcat].[localhost].[/]       : Exception sending context initialized event to listener instance of class [org.darcy.gate.listener.GateContextListener]

java.lang.IllegalStateException: Cannot get a NUMERIC value from a STRING cell
	at org.apache.poi.hssf.usermodel.HSSFCell.typeMismatch(HSSFCell.java:654) ~[poi-3.17.jar:3.17]
	at org.apache.poi.hssf.usermodel.HSSFCell.getNumericCellValue(HSSFCell.java:679) ~[poi-3.17.jar:3.17]
	at org.darcy.gate.version.VersionManager.reload(VersionManager.java:23) ~[classes/:na]
	at org.darcy.gate.listener.GateContextListener.contextInitialized(GateContextListener.java:65) ~[classes/:na]
	at org.apache.catalina.core.StandardContext.listenerStart(StandardContext.java:4743) [tomcat-embed-core-8.5.23.jar:8.5.23]
	at org.apache.catalina.core.StandardContext.startInternal(StandardContext.java:5207) [tomcat-embed-core-8.5.23.jar:8.5.23]
	at org.apache.catalina.util.LifecycleBase.start(LifecycleBase.java:150) [tomcat-embed-core-8.5.23.jar:8.5.23]
	at org.apache.catalina.core.ContainerBase$StartChild.call(ContainerBase.java:1419) [tomcat-embed-core-8.5.23.jar:8.5.23]
	at org.apache.catalina.core.ContainerBase$StartChild.call(ContainerBase.java:1409) [tomcat-embed-core-8.5.23.jar:8.5.23]
	at java.util.concurrent.FutureTask.run(FutureTask.java:266) [na:1.8.0_144]
	at java.util.concurrent.ThreadPoolExecutor.runWorker(ThreadPoolExecutor.java:1149) [na:1.8.0_144]
	at java.util.concurrent.ThreadPoolExecutor$Worker.run(ThreadPoolExecutor.java:624) [na:1.8.0_144]
	at java.lang.Thread.run(Thread.java:748) [na:1.8.0_144]

2018-06-14 15:57:52.160 ERROR 16148 --- [localhost-startStop-1] o.apache.catalina.core.StandardContext   : One or more listeners failed to start. Full details will be found in the appropriate container log file
2018-06-14 15:57:52.161 ERROR 16148 --- [localhost-startStop-1] o.apache.catalina.core.StandardContext   : Context [] startup failed due to previous errors
2018-06-14 15:57:52.172 ERROR 16148 --- [localhost-startStop-1] o.a.c.c.C.[Tomcat].[localhost].[/]       : Exception sending context destroyed event to listener instance of class [org.darcy.gate.listener.GateContextListener]

java.lang.IllegalStateException: Cannot get a NUMERIC value from a STRING cell
	at org.apache.poi.hssf.usermodel.HSSFCell.typeMismatch(HSSFCell.java:654) ~[poi-3.17.jar:3.17]
	at org.apache.poi.hssf.usermodel.HSSFCell.getNumericCellValue(HSSFCell.java:679) ~[poi-3.17.jar:3.17]
	at org.darcy.gate.server.ServerManager.reload(ServerManager.java:98) ~[classes/:na]
	at org.darcy.gate.server.ServerManager.getInstance(ServerManager.java:29) ~[classes/:na]
	at org.darcy.gate.listener.GateContextListener.contextDestroyed(GateContextListener.java:51) ~[classes/:na]
	at org.apache.catalina.core.StandardContext.listenerStop(StandardContext.java:4790) [tomcat-embed-core-8.5.23.jar:8.5.23]
	at org.apache.catalina.core.StandardContext.stopInternal(StandardContext.java:5429) [tomcat-embed-core-8.5.23.jar:8.5.23]
	at org.apache.catalina.util.LifecycleBase.stop(LifecycleBase.java:226) [tomcat-embed-core-8.5.23.jar:8.5.23]
	at org.apache.catalina.util.LifecycleBase.start(LifecycleBase.java:154) [tomcat-embed-core-8.5.23.jar:8.5.23]
	at org.apache.catalina.core.ContainerBase$StartChild.call(ContainerBase.java:1419) [tomcat-embed-core-8.5.23.jar:8.5.23]
	at org.apache.catalina.core.ContainerBase$StartChild.call(ContainerBase.java:1409) [tomcat-embed-core-8.5.23.jar:8.5.23]
	at java.util.concurrent.FutureTask.run(FutureTask.java:266) [na:1.8.0_144]
	at java.util.concurrent.ThreadPoolExecutor.runWorker(ThreadPoolExecutor.java:1149) [na:1.8.0_144]
	at java.util.concurrent.ThreadPoolExecutor$Worker.run(ThreadPoolExecutor.java:624) [na:1.8.0_144]
	at java.lang.Thread.run(Thread.java:748) [na:1.8.0_144]

2018-06-14 15:57:52.200  WARN 16148 --- [localhost-startStop-1] o.a.c.loader.WebappClassLoaderBase       : The web application [ROOT] appears to have started a thread named [serverchecker] but has failed to stop it. This is very likely to create a memory leak. Stack trace of thread:
 java.io.WinNTFileSystem.canonicalize0(Native Method)
 java.io.WinNTFileSystem.canonicalize(WinNTFileSystem.java:428)
 java.io.File.getCanonicalPath(File.java:618)
 java.io.FilePermission$1.run(FilePermission.java:215)
 java.io.FilePermission$1.run(FilePermission.java:203)
 java.security.AccessController.doPrivileged(Native Method)
 java.io.FilePermission.init(FilePermission.java:203)
 java.io.FilePermission.<init>(FilePermission.java:277)
 sun.net.www.protocol.file.FileURLConnection.getPermission(FileURLConnection.java:228)
 java.net.URLClassLoader.getPermissions(URLClassLoader.java:663)
 sun.misc.Launcher$AppClassLoader.getPermissions(Launcher.java:343)
 java.security.SecureClassLoader.getProtectionDomain(SecureClassLoader.java:206)
 java.security.SecureClassLoader.defineClass(SecureClassLoader.java:142)
 java.net.URLClassLoader.defineClass(URLClassLoader.java:467)
 java.net.URLClassLoader.access$100(URLClassLoader.java:73)
 java.net.URLClassLoader$1.run(URLClassLoader.java:368)
 java.net.URLClassLoader$1.run(URLClassLoader.java:362)
 java.security.AccessController.doPrivileged(Native Method)
 java.net.URLClassLoader.findClass(URLClassLoader.java:361)
 java.lang.ClassLoader.loadClass(ClassLoader.java:424)
 sun.misc.Launcher$AppClassLoader.loadClass(Launcher.java:335)
 java.lang.ClassLoader.loadClass(ClassLoader.java:357)
 net.sf.json.JSONObject.<init>(JSONObject.java:1450)
 net.sf.json.util.CycleDetectionStrategy.<clinit>(CycleDetectionStrategy.java:37)
 net.sf.json.JsonConfig.<clinit>(JsonConfig.java:65)
 net.sf.json.JSONArray.fromObject(JSONArray.java:105)
 org.darcy.gate.server.ServerManager.geneJson(ServerManager.java:86)
 org.darcy.gate.server.ServerChecker.run(ServerManager.java:151)
 java.lang.Thread.run(Thread.java:748)
2018-06-14 15:57:52.204  WARN 16148 --- [main] ationConfigEmbeddedWebApplicationContext : Exception encountered during context initialization - cancelling refresh attempt: org.springframework.context.ApplicationContextException: Unable to start embedded container; nested exception is org.springframework.boot.context.embedded.EmbeddedServletContainerException: Unable to start embedded Tomcat
2018-06-14 15:57:52.211  INFO 16148 --- [main] utoConfigurationReportLoggingInitializer : 

Error starting ApplicationContext. To display the auto-configuration report re-run your application with 'debug' enabled.
2018-06-14 15:57:52.219 ERROR 16148 --- [main] o.s.boot.SpringApplication               : Application startup failed

org.springframework.context.ApplicationContextException: Unable to start embedded container; nested exception is org.springframework.boot.context.embedded.EmbeddedServletContainerException: Unable to start embedded Tomcat
	at org.springframework.boot.context.embedded.EmbeddedWebApplicationContext.onRefresh(EmbeddedWebApplicationContext.java:137) ~[spring-boot-1.5.9.RELEASE.jar:1.5.9.RELEASE]
	at org.springframework.context.support.AbstractApplicationContext.refresh(AbstractApplicationContext.java:537) ~[spring-context-4.3.13.RELEASE.jar:4.3.13.RELEASE]
	at org.springframework.boot.context.embedded.EmbeddedWebApplicationContext.refresh(EmbeddedWebApplicationContext.java:122) ~[spring-boot-1.5.9.RELEASE.jar:1.5.9.RELEASE]
	at org.springframework.boot.SpringApplication.refresh(SpringApplication.java:693) [spring-boot-1.5.9.RELEASE.jar:1.5.9.RELEASE]
	at org.springframework.boot.SpringApplication.refreshContext(SpringApplication.java:360) [spring-boot-1.5.9.RELEASE.jar:1.5.9.RELEASE]
	at org.springframework.boot.SpringApplication.run(SpringApplication.java:303) [spring-boot-1.5.9.RELEASE.jar:1.5.9.RELEASE]
	at org.springframework.boot.SpringApplication.run(SpringApplication.java:1118) [spring-boot-1.5.9.RELEASE.jar:1.5.9.RELEASE]
	at org.springframework.boot.SpringApplication.run(SpringApplication.java:1107) [spring-boot-1.5.9.RELEASE.jar:1.5.9.RELEASE]
	at org.darcy.gate.GateStartup.main(GateStartup.java:15) [classes/:na]
Caused by: org.springframework.boot.context.embedded.EmbeddedServletContainerException: Unable to start embedded Tomcat
	at org.springframework.boot.context.embedded.tomcat.TomcatEmbeddedServletContainer.initialize(TomcatEmbeddedServletContainer.java:123) ~[spring-boot-1.5.9.RELEASE.jar:1.5.9.RELEASE]
	at org.springframework.boot.context.embedded.tomcat.TomcatEmbeddedServletContainer.<init>(TomcatEmbeddedServletContainer.java:84) ~[spring-boot-1.5.9.RELEASE.jar:1.5.9.RELEASE]
	at org.springframework.boot.context.embedded.tomcat.TomcatEmbeddedServletContainerFactory.getTomcatEmbeddedServletContainer(TomcatEmbeddedServletContainerFactory.java:554) ~[spring-boot-1.5.9.RELEASE.jar:1.5.9.RELEASE]
	at org.springframework.boot.context.embedded.tomcat.TomcatEmbeddedServletContainerFactory.getEmbeddedServletContainer(TomcatEmbeddedServletContainerFactory.java:179) ~[spring-boot-1.5.9.RELEASE.jar:1.5.9.RELEASE]
	at org.springframework.boot.context.embedded.EmbeddedWebApplicationContext.createEmbeddedServletContainer(EmbeddedWebApplicationContext.java:164) ~[spring-boot-1.5.9.RELEASE.jar:1.5.9.RELEASE]
	at org.springframework.boot.context.embedded.EmbeddedWebApplicationContext.onRefresh(EmbeddedWebApplicationContext.java:134) ~[spring-boot-1.5.9.RELEASE.jar:1.5.9.RELEASE]
	... 8 common frames omitted
Caused by: java.lang.IllegalStateException: StandardEngine[Tomcat].StandardHost[localhost].TomcatEmbeddedContext[] failed to start
	at org.springframework.boot.context.embedded.tomcat.TomcatEmbeddedServletContainer.rethrowDeferredStartupExceptions(TomcatEmbeddedServletContainer.java:167) ~[spring-boot-1.5.9.RELEASE.jar:1.5.9.RELEASE]
	at org.springframework.boot.context.embedded.tomcat.TomcatEmbeddedServletContainer.initialize(TomcatEmbeddedServletContainer.java:102) ~[spring-boot-1.5.9.RELEASE.jar:1.5.9.RELEASE]
	... 13 common frames omitted

2018-06-14 15:59:30.875  INFO 7144 --- [main] org.darcy.gate.GateStartup               : Starting GateStartup on LIPENG with PID 7144 (D:\Project\Sanguo\target\classes started by darcy in D:\Project\Sanguo)
2018-06-14 15:59:30.880  INFO 7144 --- [main] org.darcy.gate.GateStartup               : No active profile set, falling back to default profiles: default
2018-06-14 15:59:30.939  INFO 7144 --- [main] ationConfigEmbeddedWebApplicationContext : Refreshing org.springframework.boot.context.embedded.AnnotationConfigEmbeddedWebApplicationContext@3adcc812: startup date [Thu Jun 14 15:59:30 CST 2018]; root of context hierarchy
2018-06-14 15:59:31.820  WARN 7144 --- [main] o.m.s.mapper.ClassPathMapperScanner      : No MyBatis mapper was found in '[org.darcy.gate]' package. Please check your configuration.
2018-06-14 15:59:31.879  INFO 7144 --- [main] .s.d.r.c.RepositoryConfigurationDelegate : Multiple Spring Data modules found, entering strict repository configuration mode!
2018-06-14 15:59:31.927  INFO 7144 --- [main] .s.d.r.c.RepositoryConfigurationDelegate : Multiple Spring Data modules found, entering strict repository configuration mode!
2018-06-14 15:59:33.753  INFO 7144 --- [main] s.b.c.e.t.TomcatEmbeddedServletContainer : Tomcat initialized with port(s): 8082 (http)
2018-06-14 15:59:33.768  INFO 7144 --- [main] o.apache.catalina.core.StandardService   : Starting service [Tomcat]
2018-06-14 15:59:33.769  INFO 7144 --- [main] org.apache.catalina.core.StandardEngine  : Starting Servlet Engine: Apache Tomcat/8.5.23
2018-06-14 15:59:33.970  INFO 7144 --- [localhost-startStop-1] o.a.c.c.C.[Tomcat].[localhost].[/]       : Initializing Spring embedded WebApplicationContext
2018-06-14 15:59:33.970  INFO 7144 --- [localhost-startStop-1] o.s.web.context.ContextLoader            : Root WebApplicationContext: initialization completed in 3033 ms
2018-06-14 15:59:34.336  INFO 7144 --- [localhost-startStop-1] o.s.b.w.servlet.ServletRegistrationBean  : Mapping servlet: 'dispatcherServlet' to [/]
2018-06-14 15:59:34.345  INFO 7144 --- [localhost-startStop-1] o.s.b.w.servlet.FilterRegistrationBean   : Mapping filter: 'characterEncodingFilter' to: [/*]
2018-06-14 15:59:34.346  INFO 7144 --- [localhost-startStop-1] o.s.b.w.servlet.FilterRegistrationBean   : Mapping filter: 'hiddenHttpMethodFilter' to: [/*]
2018-06-14 15:59:34.346  INFO 7144 --- [localhost-startStop-1] o.s.b.w.servlet.FilterRegistrationBean   : Mapping filter: 'httpPutFormContentFilter' to: [/*]
2018-06-14 15:59:34.346  INFO 7144 --- [localhost-startStop-1] o.s.b.w.servlet.FilterRegistrationBean   : Mapping filter: 'requestContextFilter' to: [/*]
2018-06-14 15:59:34.669 ERROR 7144 --- [localhost-startStop-1] o.a.c.c.C.[Tomcat].[localhost].[/]       : Exception sending context initialized event to listener instance of class [org.darcy.gate.listener.GateContextListener]

java.lang.IllegalStateException: Cannot get a NUMERIC value from a STRING cell
	at org.apache.poi.hssf.usermodel.HSSFCell.typeMismatch(HSSFCell.java:654) ~[poi-3.17.jar:3.17]
	at org.apache.poi.hssf.usermodel.HSSFCell.getNumericCellValue(HSSFCell.java:679) ~[poi-3.17.jar:3.17]
	at org.darcy.gate.version.VersionManager.reload(VersionManager.java:23) ~[classes/:na]
	at org.darcy.gate.listener.GateContextListener.contextInitialized(GateContextListener.java:65) ~[classes/:na]
	at org.apache.catalina.core.StandardContext.listenerStart(StandardContext.java:4743) [tomcat-embed-core-8.5.23.jar:8.5.23]
	at org.apache.catalina.core.StandardContext.startInternal(StandardContext.java:5207) [tomcat-embed-core-8.5.23.jar:8.5.23]
	at org.apache.catalina.util.LifecycleBase.start(LifecycleBase.java:150) [tomcat-embed-core-8.5.23.jar:8.5.23]
	at org.apache.catalina.core.ContainerBase$StartChild.call(ContainerBase.java:1419) [tomcat-embed-core-8.5.23.jar:8.5.23]
	at org.apache.catalina.core.ContainerBase$StartChild.call(ContainerBase.java:1409) [tomcat-embed-core-8.5.23.jar:8.5.23]
	at java.util.concurrent.FutureTask.run(FutureTask.java:266) [na:1.8.0_144]
	at java.util.concurrent.ThreadPoolExecutor.runWorker(ThreadPoolExecutor.java:1149) [na:1.8.0_144]
	at java.util.concurrent.ThreadPoolExecutor$Worker.run(ThreadPoolExecutor.java:624) [na:1.8.0_144]
	at java.lang.Thread.run(Thread.java:748) [na:1.8.0_144]

2018-06-14 15:59:34.670 ERROR 7144 --- [localhost-startStop-1] o.apache.catalina.core.StandardContext   : One or more listeners failed to start. Full details will be found in the appropriate container log file
2018-06-14 15:59:34.671 ERROR 7144 --- [localhost-startStop-1] o.apache.catalina.core.StandardContext   : Context [] startup failed due to previous errors
2018-06-14 16:00:18.563 ERROR 7144 --- [localhost-startStop-1] o.a.c.c.C.[Tomcat].[localhost].[/]       : Exception sending context destroyed event to listener instance of class [org.darcy.gate.listener.GateContextListener]

java.lang.IllegalStateException: Cannot get a NUMERIC value from a STRING cell
	at org.apache.poi.hssf.usermodel.HSSFCell.typeMismatch(HSSFCell.java:654) ~[poi-3.17.jar:3.17]
	at org.apache.poi.hssf.usermodel.HSSFCell.getNumericCellValue(HSSFCell.java:679) ~[poi-3.17.jar:3.17]
	at org.darcy.gate.server.ServerManager.reload(ServerManager.java:98) ~[classes/:na]
	at org.darcy.gate.server.ServerManager.getInstance(ServerManager.java:29) ~[classes/:na]
	at org.darcy.gate.listener.GateContextListener.contextDestroyed(GateContextListener.java:51) ~[classes/:na]
	at org.apache.catalina.core.StandardContext.listenerStop(StandardContext.java:4790) [tomcat-embed-core-8.5.23.jar:8.5.23]
	at org.apache.catalina.core.StandardContext.stopInternal(StandardContext.java:5429) [tomcat-embed-core-8.5.23.jar:8.5.23]
	at org.apache.catalina.util.LifecycleBase.stop(LifecycleBase.java:226) [tomcat-embed-core-8.5.23.jar:8.5.23]
	at org.apache.catalina.util.LifecycleBase.start(LifecycleBase.java:154) [tomcat-embed-core-8.5.23.jar:8.5.23]
	at org.apache.catalina.core.ContainerBase$StartChild.call(ContainerBase.java:1419) [tomcat-embed-core-8.5.23.jar:8.5.23]
	at org.apache.catalina.core.ContainerBase$StartChild.call(ContainerBase.java:1409) [tomcat-embed-core-8.5.23.jar:8.5.23]
	at java.util.concurrent.FutureTask.run(FutureTask.java:266) [na:1.8.0_144]
	at java.util.concurrent.ThreadPoolExecutor.runWorker(ThreadPoolExecutor.java:1149) [na:1.8.0_144]
	at java.util.concurrent.ThreadPoolExecutor$Worker.run(ThreadPoolExecutor.java:624) [na:1.8.0_144]
	at java.lang.Thread.run(Thread.java:748) [na:1.8.0_144]

2018-06-14 16:00:18.591  WARN 7144 --- [localhost-startStop-1] o.a.c.loader.WebappClassLoaderBase       : The web application [ROOT] appears to have started a thread named [serverchecker] but has failed to stop it. This is very likely to create a memory leak. Stack trace of thread:
 java.lang.Thread.sleep(Native Method)
 org.darcy.gate.server.ServerChecker.run(ServerManager.java:152)
 java.lang.Thread.run(Thread.java:748)
2018-06-14 16:00:18.595  WARN 7144 --- [main] ationConfigEmbeddedWebApplicationContext : Exception encountered during context initialization - cancelling refresh attempt: org.springframework.context.ApplicationContextException: Unable to start embedded container; nested exception is org.springframework.boot.context.embedded.EmbeddedServletContainerException: Unable to start embedded Tomcat
2018-06-14 16:00:18.603  INFO 7144 --- [main] utoConfigurationReportLoggingInitializer : 

Error starting ApplicationContext. To display the auto-configuration report re-run your application with 'debug' enabled.
2018-06-14 16:00:18.613 ERROR 7144 --- [main] o.s.boot.SpringApplication               : Application startup failed

org.springframework.context.ApplicationContextException: Unable to start embedded container; nested exception is org.springframework.boot.context.embedded.EmbeddedServletContainerException: Unable to start embedded Tomcat
	at org.springframework.boot.context.embedded.EmbeddedWebApplicationContext.onRefresh(EmbeddedWebApplicationContext.java:137) ~[spring-boot-1.5.9.RELEASE.jar:1.5.9.RELEASE]
	at org.springframework.context.support.AbstractApplicationContext.refresh(AbstractApplicationContext.java:537) ~[spring-context-4.3.13.RELEASE.jar:4.3.13.RELEASE]
	at org.springframework.boot.context.embedded.EmbeddedWebApplicationContext.refresh(EmbeddedWebApplicationContext.java:122) ~[spring-boot-1.5.9.RELEASE.jar:1.5.9.RELEASE]
	at org.springframework.boot.SpringApplication.refresh(SpringApplication.java:693) [spring-boot-1.5.9.RELEASE.jar:1.5.9.RELEASE]
	at org.springframework.boot.SpringApplication.refreshContext(SpringApplication.java:360) [spring-boot-1.5.9.RELEASE.jar:1.5.9.RELEASE]
	at org.springframework.boot.SpringApplication.run(SpringApplication.java:303) [spring-boot-1.5.9.RELEASE.jar:1.5.9.RELEASE]
	at org.springframework.boot.SpringApplication.run(SpringApplication.java:1118) [spring-boot-1.5.9.RELEASE.jar:1.5.9.RELEASE]
	at org.springframework.boot.SpringApplication.run(SpringApplication.java:1107) [spring-boot-1.5.9.RELEASE.jar:1.5.9.RELEASE]
	at org.darcy.gate.GateStartup.main(GateStartup.java:15) [classes/:na]
Caused by: org.springframework.boot.context.embedded.EmbeddedServletContainerException: Unable to start embedded Tomcat
	at org.springframework.boot.context.embedded.tomcat.TomcatEmbeddedServletContainer.initialize(TomcatEmbeddedServletContainer.java:123) ~[spring-boot-1.5.9.RELEASE.jar:1.5.9.RELEASE]
	at org.springframework.boot.context.embedded.tomcat.TomcatEmbeddedServletContainer.<init>(TomcatEmbeddedServletContainer.java:84) ~[spring-boot-1.5.9.RELEASE.jar:1.5.9.RELEASE]
	at org.springframework.boot.context.embedded.tomcat.TomcatEmbeddedServletContainerFactory.getTomcatEmbeddedServletContainer(TomcatEmbeddedServletContainerFactory.java:554) ~[spring-boot-1.5.9.RELEASE.jar:1.5.9.RELEASE]
	at org.springframework.boot.context.embedded.tomcat.TomcatEmbeddedServletContainerFactory.getEmbeddedServletContainer(TomcatEmbeddedServletContainerFactory.java:179) ~[spring-boot-1.5.9.RELEASE.jar:1.5.9.RELEASE]
	at org.springframework.boot.context.embedded.EmbeddedWebApplicationContext.createEmbeddedServletContainer(EmbeddedWebApplicationContext.java:164) ~[spring-boot-1.5.9.RELEASE.jar:1.5.9.RELEASE]
	at org.springframework.boot.context.embedded.EmbeddedWebApplicationContext.onRefresh(EmbeddedWebApplicationContext.java:134) ~[spring-boot-1.5.9.RELEASE.jar:1.5.9.RELEASE]
	... 8 common frames omitted
Caused by: java.lang.IllegalStateException: StandardEngine[Tomcat].StandardHost[localhost].TomcatEmbeddedContext[] failed to start
	at org.springframework.boot.context.embedded.tomcat.TomcatEmbeddedServletContainer.rethrowDeferredStartupExceptions(TomcatEmbeddedServletContainer.java:167) ~[spring-boot-1.5.9.RELEASE.jar:1.5.9.RELEASE]
	at org.springframework.boot.context.embedded.tomcat.TomcatEmbeddedServletContainer.initialize(TomcatEmbeddedServletContainer.java:102) ~[spring-boot-1.5.9.RELEASE.jar:1.5.9.RELEASE]
	... 13 common frames omitted

2018-06-14 16:06:26.522  INFO 17300 --- [main] org.darcy.gate.GateStartup               : Starting GateStartup on LIPENG with PID 17300 (D:\Project\Sanguo\target\classes started by darcy in D:\Project\Sanguo)
2018-06-14 16:06:26.529  INFO 17300 --- [main] org.darcy.gate.GateStartup               : No active profile set, falling back to default profiles: default
2018-06-14 16:06:26.593  INFO 17300 --- [main] ationConfigEmbeddedWebApplicationContext : Refreshing org.springframework.boot.context.embedded.AnnotationConfigEmbeddedWebApplicationContext@3adcc812: startup date [Thu Jun 14 16:06:26 CST 2018]; root of context hierarchy
2018-06-14 16:06:27.522  WARN 17300 --- [main] o.m.s.mapper.ClassPathMapperScanner      : No MyBatis mapper was found in '[org.darcy.gate]' package. Please check your configuration.
2018-06-14 16:06:27.578  INFO 17300 --- [main] .s.d.r.c.RepositoryConfigurationDelegate : Multiple Spring Data modules found, entering strict repository configuration mode!
2018-06-14 16:06:27.628  INFO 17300 --- [main] .s.d.r.c.RepositoryConfigurationDelegate : Multiple Spring Data modules found, entering strict repository configuration mode!
2018-06-14 16:06:29.491  INFO 17300 --- [main] s.b.c.e.t.TomcatEmbeddedServletContainer : Tomcat initialized with port(s): 8082 (http)
2018-06-14 16:06:29.507  INFO 17300 --- [main] o.apache.catalina.core.StandardService   : Starting service [Tomcat]
2018-06-14 16:06:29.508  INFO 17300 --- [main] org.apache.catalina.core.StandardEngine  : Starting Servlet Engine: Apache Tomcat/8.5.23
2018-06-14 16:06:29.708  INFO 17300 --- [localhost-startStop-1] o.a.c.c.C.[Tomcat].[localhost].[/]       : Initializing Spring embedded WebApplicationContext
2018-06-14 16:06:29.709  INFO 17300 --- [localhost-startStop-1] o.s.web.context.ContextLoader            : Root WebApplicationContext: initialization completed in 3120 ms
2018-06-14 16:06:30.079  INFO 17300 --- [localhost-startStop-1] o.s.b.w.servlet.ServletRegistrationBean  : Mapping servlet: 'dispatcherServlet' to [/]
2018-06-14 16:06:30.085  INFO 17300 --- [localhost-startStop-1] o.s.b.w.servlet.FilterRegistrationBean   : Mapping filter: 'characterEncodingFilter' to: [/*]
2018-06-14 16:06:30.085  INFO 17300 --- [localhost-startStop-1] o.s.b.w.servlet.FilterRegistrationBean   : Mapping filter: 'hiddenHttpMethodFilter' to: [/*]
2018-06-14 16:06:30.086  INFO 17300 --- [localhost-startStop-1] o.s.b.w.servlet.FilterRegistrationBean   : Mapping filter: 'httpPutFormContentFilter' to: [/*]
2018-06-14 16:06:30.086  INFO 17300 --- [localhost-startStop-1] o.s.b.w.servlet.FilterRegistrationBean   : Mapping filter: 'requestContextFilter' to: [/*]
2018-06-14 16:06:30.538  INFO 17300 --- [localhost-startStop-1] o.d.gate.listener.GateContextListener    : 网关启动成功！监听端口：12001
2018-06-14 16:06:31.174  INFO 17300 --- [main] s.w.s.m.m.a.RequestMappingHandlerAdapter : Looking for @ControllerAdvice: org.springframework.boot.context.embedded.AnnotationConfigEmbeddedWebApplicationContext@3adcc812: startup date [Thu Jun 14 16:06:26 CST 2018]; root of context hierarchy
2018-06-14 16:06:31.281  INFO 17300 --- [main] s.w.s.m.m.a.RequestMappingHandlerMapping : Mapped "{[/error]}" onto public org.springframework.http.ResponseEntity<java.util.Map<java.lang.String, java.lang.Object>> org.springframework.boot.autoconfigure.web.BasicErrorController.error(javax.servlet.http.HttpServletRequest)
2018-06-14 16:06:31.283  INFO 17300 --- [main] s.w.s.m.m.a.RequestMappingHandlerMapping : Mapped "{[/error],produces=[text/html]}" onto public org.springframework.web.servlet.ModelAndView org.springframework.boot.autoconfigure.web.BasicErrorController.errorHtml(javax.servlet.http.HttpServletRequest,javax.servlet.http.HttpServletResponse)
2018-06-14 16:06:31.333  INFO 17300 --- [main] o.s.w.s.handler.SimpleUrlHandlerMapping  : Mapped URL path [/webjars/**] onto handler of type [class org.springframework.web.servlet.resource.ResourceHttpRequestHandler]
2018-06-14 16:06:31.333  INFO 17300 --- [main] o.s.w.s.handler.SimpleUrlHandlerMapping  : Mapped URL path [/**] onto handler of type [class org.springframework.web.servlet.resource.ResourceHttpRequestHandler]
2018-06-14 16:06:31.408  INFO 17300 --- [main] o.s.w.s.handler.SimpleUrlHandlerMapping  : Mapped URL path [/**/favicon.ico] onto handler of type [class org.springframework.web.servlet.resource.ResourceHttpRequestHandler]
2018-06-14 16:06:35.197  INFO 17300 --- [main] o.s.s.concurrent.ThreadPoolTaskExecutor  : Initializing ExecutorService 
2018-06-14 16:06:37.465  INFO 17300 --- [main] org.mongodb.driver.cluster               : Cluster created with settings {hosts=[192.168.1.111:27017], mode=MULTIPLE, requiredClusterType=UNKNOWN, serverSelectionTimeout='30000 ms', maxWaitQueueSize=500}
2018-06-14 16:06:37.465  INFO 17300 --- [main] org.mongodb.driver.cluster               : Adding discovered server 192.168.1.111:27017 to client view of cluster
2018-06-14 16:06:38.005  INFO 17300 --- [main] o.s.w.s.v.f.FreeMarkerConfigurer         : ClassTemplateLoader for Spring macros added to FreeMarker configuration
2018-06-14 16:06:38.526  INFO 17300 --- [cluster-ClusterId{value='5b22220d25af5743943eb7ee', description='null'}-192.168.1.111:27017] org.mongodb.driver.cluster               : Exception in monitor thread while connecting to server 192.168.1.111:27017

com.mongodb.MongoSocketOpenException: Exception opening socket
	at com.mongodb.connection.SocketStream.open(SocketStream.java:63) ~[mongodb-driver-core-3.4.3.jar:na]
	at com.mongodb.connection.InternalStreamConnection.open(InternalStreamConnection.java:115) ~[mongodb-driver-core-3.4.3.jar:na]
	at com.mongodb.connection.DefaultServerMonitor$ServerMonitorRunnable.run(DefaultServerMonitor.java:113) ~[mongodb-driver-core-3.4.3.jar:na]
	at java.lang.Thread.run(Thread.java:748) [na:1.8.0_144]
Caused by: java.net.ConnectException: Connection refused: connect
	at java.net.DualStackPlainSocketImpl.waitForConnect(Native Method) ~[na:1.8.0_144]
	at java.net.DualStackPlainSocketImpl.socketConnect(DualStackPlainSocketImpl.java:85) ~[na:1.8.0_144]
	at java.net.AbstractPlainSocketImpl.doConnect(AbstractPlainSocketImpl.java:350) ~[na:1.8.0_144]
	at java.net.AbstractPlainSocketImpl.connectToAddress(AbstractPlainSocketImpl.java:206) ~[na:1.8.0_144]
	at java.net.AbstractPlainSocketImpl.connect(AbstractPlainSocketImpl.java:188) ~[na:1.8.0_144]
	at java.net.PlainSocketImpl.connect(PlainSocketImpl.java:172) ~[na:1.8.0_144]
	at java.net.SocksSocketImpl.connect(SocksSocketImpl.java:392) ~[na:1.8.0_144]
	at java.net.Socket.connect(Socket.java:589) ~[na:1.8.0_144]
	at com.mongodb.connection.SocketStreamHelper.initialize(SocketStreamHelper.java:57) ~[mongodb-driver-core-3.4.3.jar:na]
	at com.mongodb.connection.SocketStream.open(SocketStream.java:58) ~[mongodb-driver-core-3.4.3.jar:na]
	... 3 common frames omitted

2018-06-14 16:06:38.703  INFO 17300 --- [main] o.s.j.e.a.AnnotationMBeanExporter        : Registering beans for JMX exposure on startup
2018-06-14 16:06:38.705  INFO 17300 --- [main] o.s.j.e.a.AnnotationMBeanExporter        : Bean with name 'dataSource' has been autodetected for JMX exposure
2018-06-14 16:06:38.713  INFO 17300 --- [main] o.s.j.e.a.AnnotationMBeanExporter        : Located MBean 'dataSource': registering with JMX server as MBean [com.alibaba.druid.pool:name=dataSource,type=DruidDataSource]
2018-06-14 16:06:38.719  INFO 17300 --- [main] o.s.c.support.DefaultLifecycleProcessor  : Starting beans in phase 2147483647
2018-06-14 16:06:38.792  INFO 17300 --- [main] s.b.c.e.t.TomcatEmbeddedServletContainer : Tomcat started on port(s): 8082 (http)
2018-06-14 16:06:38.801  INFO 17300 --- [main] org.darcy.gate.GateStartup               : Started GateStartup in 12.795 seconds (JVM running for 13.856)
2018-06-14 16:12:08.121  INFO 19596 --- [main] org.darcy.gate.GateStartup               : Starting GateStartup on LIPENG with PID 19596 (D:\Project\Sanguo\target\classes started by darcy in D:\Project\Sanguo)
2018-06-14 16:12:08.127  INFO 19596 --- [main] org.darcy.gate.GateStartup               : No active profile set, falling back to default profiles: default
2018-06-14 16:12:08.189  INFO 19596 --- [main] ationConfigEmbeddedWebApplicationContext : Refreshing org.springframework.boot.context.embedded.AnnotationConfigEmbeddedWebApplicationContext@3adcc812: startup date [Thu Jun 14 16:12:08 CST 2018]; root of context hierarchy
2018-06-14 16:12:09.182  WARN 19596 --- [main] o.m.s.mapper.ClassPathMapperScanner      : No MyBatis mapper was found in '[org.darcy.gate]' package. Please check your configuration.
2018-06-14 16:12:09.236  INFO 19596 --- [main] .s.d.r.c.RepositoryConfigurationDelegate : Multiple Spring Data modules found, entering strict repository configuration mode!
2018-06-14 16:12:09.280  INFO 19596 --- [main] .s.d.r.c.RepositoryConfigurationDelegate : Multiple Spring Data modules found, entering strict repository configuration mode!
2018-06-14 16:12:11.457  INFO 19596 --- [main] s.b.c.e.t.TomcatEmbeddedServletContainer : Tomcat initialized with port(s): 8082 (http)
2018-06-14 16:12:11.475  INFO 19596 --- [main] o.apache.catalina.core.StandardService   : Starting service [Tomcat]
2018-06-14 16:12:11.477  INFO 19596 --- [main] org.apache.catalina.core.StandardEngine  : Starting Servlet Engine: Apache Tomcat/8.5.23
2018-06-14 16:12:11.704  INFO 19596 --- [localhost-startStop-1] o.a.c.c.C.[Tomcat].[localhost].[/]       : Initializing Spring embedded WebApplicationContext
2018-06-14 16:12:11.704  INFO 19596 --- [localhost-startStop-1] o.s.web.context.ContextLoader            : Root WebApplicationContext: initialization completed in 3517 ms
2018-06-14 16:12:12.137  INFO 19596 --- [localhost-startStop-1] o.s.b.w.servlet.ServletRegistrationBean  : Mapping servlet: 'dispatcherServlet' to [/]
2018-06-14 16:12:12.141  INFO 19596 --- [localhost-startStop-1] o.s.b.w.servlet.FilterRegistrationBean   : Mapping filter: 'characterEncodingFilter' to: [/*]
2018-06-14 16:12:12.142  INFO 19596 --- [localhost-startStop-1] o.s.b.w.servlet.FilterRegistrationBean   : Mapping filter: 'hiddenHttpMethodFilter' to: [/*]
2018-06-14 16:12:12.142  INFO 19596 --- [localhost-startStop-1] o.s.b.w.servlet.FilterRegistrationBean   : Mapping filter: 'httpPutFormContentFilter' to: [/*]
2018-06-14 16:12:12.142  INFO 19596 --- [localhost-startStop-1] o.s.b.w.servlet.FilterRegistrationBean   : Mapping filter: 'requestContextFilter' to: [/*]
2018-06-14 16:12:12.639  INFO 19596 --- [localhost-startStop-1] o.d.gate.listener.GateContextListener    : 网关启动成功！监听端口：12001
2018-06-14 16:12:13.496  INFO 19596 --- [main] s.w.s.m.m.a.RequestMappingHandlerAdapter : Looking for @ControllerAdvice: org.springframework.boot.context.embedded.AnnotationConfigEmbeddedWebApplicationContext@3adcc812: startup date [Thu Jun 14 16:12:08 CST 2018]; root of context hierarchy
2018-06-14 16:12:13.612  INFO 19596 --- [main] s.w.s.m.m.a.RequestMappingHandlerMapping : Mapped "{[/error]}" onto public org.springframework.http.ResponseEntity<java.util.Map<java.lang.String, java.lang.Object>> org.springframework.boot.autoconfigure.web.BasicErrorController.error(javax.servlet.http.HttpServletRequest)
2018-06-14 16:12:13.614  INFO 19596 --- [main] s.w.s.m.m.a.RequestMappingHandlerMapping : Mapped "{[/error],produces=[text/html]}" onto public org.springframework.web.servlet.ModelAndView org.springframework.boot.autoconfigure.web.BasicErrorController.errorHtml(javax.servlet.http.HttpServletRequest,javax.servlet.http.HttpServletResponse)
2018-06-14 16:12:13.670  INFO 19596 --- [main] o.s.w.s.handler.SimpleUrlHandlerMapping  : Mapped URL path [/webjars/**] onto handler of type [class org.springframework.web.servlet.resource.ResourceHttpRequestHandler]
2018-06-14 16:12:13.670  INFO 19596 --- [main] o.s.w.s.handler.SimpleUrlHandlerMapping  : Mapped URL path [/**] onto handler of type [class org.springframework.web.servlet.resource.ResourceHttpRequestHandler]
2018-06-14 16:12:13.767  INFO 19596 --- [main] o.s.w.s.handler.SimpleUrlHandlerMapping  : Mapped URL path [/**/favicon.ico] onto handler of type [class org.springframework.web.servlet.resource.ResourceHttpRequestHandler]
2018-06-14 16:12:17.597  INFO 19596 --- [main] o.s.s.concurrent.ThreadPoolTaskExecutor  : Initializing ExecutorService 
2018-06-14 16:12:19.933  INFO 19596 --- [main] org.mongodb.driver.cluster               : Cluster created with settings {hosts=[192.168.1.111:27017], mode=MULTIPLE, requiredClusterType=UNKNOWN, serverSelectionTimeout='30000 ms', maxWaitQueueSize=500}
2018-06-14 16:12:19.933  INFO 19596 --- [main] org.mongodb.driver.cluster               : Adding discovered server 192.168.1.111:27017 to client view of cluster
2018-06-14 16:12:20.506  INFO 19596 --- [main] o.s.w.s.v.f.FreeMarkerConfigurer         : ClassTemplateLoader for Spring macros added to FreeMarker configuration
2018-06-14 16:12:21.003  INFO 19596 --- [cluster-ClusterId{value='5b22236325af574c8cf1211a', description='null'}-192.168.1.111:27017] org.mongodb.driver.cluster               : Exception in monitor thread while connecting to server 192.168.1.111:27017

com.mongodb.MongoSocketOpenException: Exception opening socket
	at com.mongodb.connection.SocketStream.open(SocketStream.java:63) ~[mongodb-driver-core-3.4.3.jar:na]
	at com.mongodb.connection.InternalStreamConnection.open(InternalStreamConnection.java:115) ~[mongodb-driver-core-3.4.3.jar:na]
	at com.mongodb.connection.DefaultServerMonitor$ServerMonitorRunnable.run(DefaultServerMonitor.java:113) ~[mongodb-driver-core-3.4.3.jar:na]
	at java.lang.Thread.run(Thread.java:748) [na:1.8.0_144]
Caused by: java.net.ConnectException: Connection refused: connect
	at java.net.DualStackPlainSocketImpl.waitForConnect(Native Method) ~[na:1.8.0_144]
	at java.net.DualStackPlainSocketImpl.socketConnect(DualStackPlainSocketImpl.java:85) ~[na:1.8.0_144]
	at java.net.AbstractPlainSocketImpl.doConnect(AbstractPlainSocketImpl.java:350) ~[na:1.8.0_144]
	at java.net.AbstractPlainSocketImpl.connectToAddress(AbstractPlainSocketImpl.java:206) ~[na:1.8.0_144]
	at java.net.AbstractPlainSocketImpl.connect(AbstractPlainSocketImpl.java:188) ~[na:1.8.0_144]
	at java.net.PlainSocketImpl.connect(PlainSocketImpl.java:172) ~[na:1.8.0_144]
	at java.net.SocksSocketImpl.connect(SocksSocketImpl.java:392) ~[na:1.8.0_144]
	at java.net.Socket.connect(Socket.java:589) ~[na:1.8.0_144]
	at com.mongodb.connection.SocketStreamHelper.initialize(SocketStreamHelper.java:57) ~[mongodb-driver-core-3.4.3.jar:na]
	at com.mongodb.connection.SocketStream.open(SocketStream.java:58) ~[mongodb-driver-core-3.4.3.jar:na]
	... 3 common frames omitted

2018-06-14 16:12:21.253  INFO 19596 --- [main] o.s.j.e.a.AnnotationMBeanExporter        : Registering beans for JMX exposure on startup
2018-06-14 16:12:21.255  INFO 19596 --- [main] o.s.j.e.a.AnnotationMBeanExporter        : Bean with name 'dataSource' has been autodetected for JMX exposure
2018-06-14 16:12:21.261  INFO 19596 --- [main] o.s.j.e.a.AnnotationMBeanExporter        : Located MBean 'dataSource': registering with JMX server as MBean [com.alibaba.druid.pool:name=dataSource,type=DruidDataSource]
2018-06-14 16:12:21.267  INFO 19596 --- [main] o.s.c.support.DefaultLifecycleProcessor  : Starting beans in phase 2147483647
2018-06-14 16:12:21.367  INFO 19596 --- [main] s.b.c.e.t.TomcatEmbeddedServletContainer : Tomcat started on port(s): 8082 (http)
2018-06-14 16:12:21.379  INFO 19596 --- [main] org.darcy.gate.GateStartup               : Started GateStartup in 13.77 seconds (JVM running for 14.532)
2018-06-14 16:12:34.867  INFO 19596 --- [http-nio-8082-exec-1] o.a.c.c.C.[Tomcat].[localhost].[/]       : Initializing Spring FrameworkServlet 'dispatcherServlet'
2018-06-14 16:12:34.867  INFO 19596 --- [http-nio-8082-exec-1] o.s.web.servlet.DispatcherServlet        : FrameworkServlet 'dispatcherServlet': initialization started
2018-06-14 16:12:34.898  INFO 19596 --- [http-nio-8082-exec-1] o.s.web.servlet.DispatcherServlet        : FrameworkServlet 'dispatcherServlet': initialization completed in 31 ms
2018-06-14 16:20:05.963  INFO 1348 --- [main] org.darcy.gate.GateStartup               : Starting GateStartup on LIPENG with PID 1348 (D:\Project\Sanguo\target\classes started by darcy in D:\Project\Sanguo)
2018-06-14 16:20:05.970  INFO 1348 --- [main] org.darcy.gate.GateStartup               : No active profile set, falling back to default profiles: default
2018-06-14 16:20:06.038  INFO 1348 --- [main] ationConfigEmbeddedWebApplicationContext : Refreshing org.springframework.boot.context.embedded.AnnotationConfigEmbeddedWebApplicationContext@3adcc812: startup date [Thu Jun 14 16:20:06 CST 2018]; root of context hierarchy
2018-06-14 16:20:07.014  WARN 1348 --- [main] o.m.s.mapper.ClassPathMapperScanner      : No MyBatis mapper was found in '[org.darcy.gate]' package. Please check your configuration.
2018-06-14 16:20:07.080  INFO 1348 --- [main] .s.d.r.c.RepositoryConfigurationDelegate : Multiple Spring Data modules found, entering strict repository configuration mode!
2018-06-14 16:20:07.127  INFO 1348 --- [main] .s.d.r.c.RepositoryConfigurationDelegate : Multiple Spring Data modules found, entering strict repository configuration mode!
2018-06-14 16:20:09.141  INFO 1348 --- [main] s.b.c.e.t.TomcatEmbeddedServletContainer : Tomcat initialized with port(s): 8082 (http)
2018-06-14 16:20:09.160  INFO 1348 --- [main] o.apache.catalina.core.StandardService   : Starting service [Tomcat]
2018-06-14 16:20:09.162  INFO 1348 --- [main] org.apache.catalina.core.StandardEngine  : Starting Servlet Engine: Apache Tomcat/8.5.23
2018-06-14 16:20:09.379  INFO 1348 --- [localhost-startStop-1] o.a.c.c.C.[Tomcat].[localhost].[/]       : Initializing Spring embedded WebApplicationContext
2018-06-14 16:20:09.380  INFO 1348 --- [localhost-startStop-1] o.s.web.context.ContextLoader            : Root WebApplicationContext: initialization completed in 3346 ms
2018-06-14 16:20:09.849  INFO 1348 --- [localhost-startStop-1] o.s.b.w.servlet.ServletRegistrationBean  : Mapping servlet: 'dispatcherServlet' to [/]
2018-06-14 16:20:09.854  INFO 1348 --- [localhost-startStop-1] o.s.b.w.servlet.FilterRegistrationBean   : Mapping filter: 'characterEncodingFilter' to: [/*]
2018-06-14 16:20:09.872  INFO 1348 --- [localhost-startStop-1] o.s.b.w.servlet.FilterRegistrationBean   : Mapping filter: 'hiddenHttpMethodFilter' to: [/*]
2018-06-14 16:20:09.872  INFO 1348 --- [localhost-startStop-1] o.s.b.w.servlet.FilterRegistrationBean   : Mapping filter: 'httpPutFormContentFilter' to: [/*]
2018-06-14 16:20:09.873  INFO 1348 --- [localhost-startStop-1] o.s.b.w.servlet.FilterRegistrationBean   : Mapping filter: 'requestContextFilter' to: [/*]
2018-06-14 16:20:52.720  INFO 1348 --- [localhost-startStop-1] o.d.gate.listener.GateContextListener    : 网关启动成功！监听端口：12001
2018-06-14 16:21:01.326  INFO 1348 --- [main] s.w.s.m.m.a.RequestMappingHandlerAdapter : Looking for @ControllerAdvice: org.springframework.boot.context.embedded.AnnotationConfigEmbeddedWebApplicationContext@3adcc812: startup date [Thu Jun 14 16:20:06 CST 2018]; root of context hierarchy
2018-06-14 16:21:01.442  INFO 1348 --- [main] s.w.s.m.m.a.RequestMappingHandlerMapping : Mapped "{[/error]}" onto public org.springframework.http.ResponseEntity<java.util.Map<java.lang.String, java.lang.Object>> org.springframework.boot.autoconfigure.web.BasicErrorController.error(javax.servlet.http.HttpServletRequest)
2018-06-14 16:21:01.444  INFO 1348 --- [main] s.w.s.m.m.a.RequestMappingHandlerMapping : Mapped "{[/error],produces=[text/html]}" onto public org.springframework.web.servlet.ModelAndView org.springframework.boot.autoconfigure.web.BasicErrorController.errorHtml(javax.servlet.http.HttpServletRequest,javax.servlet.http.HttpServletResponse)
2018-06-14 16:21:01.499  INFO 1348 --- [main] o.s.w.s.handler.SimpleUrlHandlerMapping  : Mapped URL path [/webjars/**] onto handler of type [class org.springframework.web.servlet.resource.ResourceHttpRequestHandler]
2018-06-14 16:21:01.499  INFO 1348 --- [main] o.s.w.s.handler.SimpleUrlHandlerMapping  : Mapped URL path [/**] onto handler of type [class org.springframework.web.servlet.resource.ResourceHttpRequestHandler]
2018-06-14 16:21:01.586  INFO 1348 --- [main] o.s.w.s.handler.SimpleUrlHandlerMapping  : Mapped URL path [/**/favicon.ico] onto handler of type [class org.springframework.web.servlet.resource.ResourceHttpRequestHandler]
2018-06-14 16:21:05.420  INFO 1348 --- [main] o.s.s.concurrent.ThreadPoolTaskExecutor  : Initializing ExecutorService 
2018-06-14 16:21:07.658  INFO 1348 --- [main] org.mongodb.driver.cluster               : Cluster created with settings {hosts=[192.168.1.111:27017], mode=MULTIPLE, requiredClusterType=UNKNOWN, serverSelectionTimeout='30000 ms', maxWaitQueueSize=500}
2018-06-14 16:21:07.659  INFO 1348 --- [main] org.mongodb.driver.cluster               : Adding discovered server 192.168.1.111:27017 to client view of cluster
2018-06-14 16:21:08.174  INFO 1348 --- [main] o.s.w.s.v.f.FreeMarkerConfigurer         : ClassTemplateLoader for Spring macros added to FreeMarker configuration
2018-06-14 16:21:08.722  INFO 1348 --- [cluster-ClusterId{value='5b22257325af5705440b9a9c', description='null'}-192.168.1.111:27017] org.mongodb.driver.cluster               : Exception in monitor thread while connecting to server 192.168.1.111:27017

com.mongodb.MongoSocketOpenException: Exception opening socket
	at com.mongodb.connection.SocketStream.open(SocketStream.java:63) ~[mongodb-driver-core-3.4.3.jar:na]
	at com.mongodb.connection.InternalStreamConnection.open(InternalStreamConnection.java:115) ~[mongodb-driver-core-3.4.3.jar:na]
	at com.mongodb.connection.DefaultServerMonitor$ServerMonitorRunnable.run(DefaultServerMonitor.java:113) ~[mongodb-driver-core-3.4.3.jar:na]
	at java.lang.Thread.run(Thread.java:748) [na:1.8.0_144]
Caused by: java.net.ConnectException: Connection refused: connect
	at java.net.DualStackPlainSocketImpl.waitForConnect(Native Method) ~[na:1.8.0_144]
	at java.net.DualStackPlainSocketImpl.socketConnect(DualStackPlainSocketImpl.java:85) ~[na:1.8.0_144]
	at java.net.AbstractPlainSocketImpl.doConnect(AbstractPlainSocketImpl.java:350) ~[na:1.8.0_144]
	at java.net.AbstractPlainSocketImpl.connectToAddress(AbstractPlainSocketImpl.java:206) ~[na:1.8.0_144]
	at java.net.AbstractPlainSocketImpl.connect(AbstractPlainSocketImpl.java:188) ~[na:1.8.0_144]
	at java.net.PlainSocketImpl.connect(PlainSocketImpl.java:172) ~[na:1.8.0_144]
	at java.net.SocksSocketImpl.connect(SocksSocketImpl.java:392) ~[na:1.8.0_144]
	at java.net.Socket.connect(Socket.java:589) ~[na:1.8.0_144]
	at com.mongodb.connection.SocketStreamHelper.initialize(SocketStreamHelper.java:57) ~[mongodb-driver-core-3.4.3.jar:na]
	at com.mongodb.connection.SocketStream.open(SocketStream.java:58) ~[mongodb-driver-core-3.4.3.jar:na]
	... 3 common frames omitted

2018-06-14 16:21:08.856  INFO 1348 --- [main] o.s.j.e.a.AnnotationMBeanExporter        : Registering beans for JMX exposure on startup
2018-06-14 16:21:08.859  INFO 1348 --- [main] o.s.j.e.a.AnnotationMBeanExporter        : Bean with name 'dataSource' has been autodetected for JMX exposure
2018-06-14 16:21:08.866  INFO 1348 --- [main] o.s.j.e.a.AnnotationMBeanExporter        : Located MBean 'dataSource': registering with JMX server as MBean [com.alibaba.druid.pool:name=dataSource,type=DruidDataSource]
2018-06-14 16:21:08.874  INFO 1348 --- [main] o.s.c.support.DefaultLifecycleProcessor  : Starting beans in phase 2147483647
2018-06-14 16:21:08.967  INFO 1348 --- [main] s.b.c.e.t.TomcatEmbeddedServletContainer : Tomcat started on port(s): 8082 (http)
2018-06-14 16:21:08.975  INFO 1348 --- [main] org.darcy.gate.GateStartup               : Started GateStartup in 63.491 seconds (JVM running for 64.221)
2018-06-14 16:24:25.914  INFO 1348 --- [http-nio-8082-exec-2] o.a.c.c.C.[Tomcat].[localhost].[/]       : Initializing Spring FrameworkServlet 'dispatcherServlet'
2018-06-14 16:24:25.914  INFO 1348 --- [http-nio-8082-exec-2] o.s.web.servlet.DispatcherServlet        : FrameworkServlet 'dispatcherServlet': initialization started
2018-06-14 16:24:25.943  INFO 1348 --- [http-nio-8082-exec-2] o.s.web.servlet.DispatcherServlet        : FrameworkServlet 'dispatcherServlet': initialization completed in 29 ms
2018-06-14 16:32:34.664  INFO 9948 --- [main] org.darcy.gate.GateStartup               : Starting GateStartup on LIPENG with PID 9948 (D:\Project\Sanguo\target\classes started by darcy in D:\Project\Sanguo)
2018-06-14 16:32:34.670  INFO 9948 --- [main] org.darcy.gate.GateStartup               : No active profile set, falling back to default profiles: default
2018-06-14 16:32:34.737  INFO 9948 --- [main] ationConfigEmbeddedWebApplicationContext : Refreshing org.springframework.boot.context.embedded.AnnotationConfigEmbeddedWebApplicationContext@3adcc812: startup date [Thu Jun 14 16:32:34 CST 2018]; root of context hierarchy
2018-06-14 16:32:35.701  WARN 9948 --- [main] o.m.s.mapper.ClassPathMapperScanner      : No MyBatis mapper was found in '[org.darcy.gate]' package. Please check your configuration.
2018-06-14 16:32:35.761  INFO 9948 --- [main] .s.d.r.c.RepositoryConfigurationDelegate : Multiple Spring Data modules found, entering strict repository configuration mode!
2018-06-14 16:32:35.803  INFO 9948 --- [main] .s.d.r.c.RepositoryConfigurationDelegate : Multiple Spring Data modules found, entering strict repository configuration mode!
2018-06-14 16:32:37.910  INFO 9948 --- [main] s.b.c.e.t.TomcatEmbeddedServletContainer : Tomcat initialized with port(s): 8082 (http)
2018-06-14 16:32:37.929  INFO 9948 --- [main] o.apache.catalina.core.StandardService   : Starting service [Tomcat]
2018-06-14 16:32:37.931  INFO 9948 --- [main] org.apache.catalina.core.StandardEngine  : Starting Servlet Engine: Apache Tomcat/8.5.23
2018-06-14 16:32:38.133  INFO 9948 --- [localhost-startStop-1] o.a.c.c.C.[Tomcat].[localhost].[/]       : Initializing Spring embedded WebApplicationContext
2018-06-14 16:32:38.134  INFO 9948 --- [localhost-startStop-1] o.s.web.context.ContextLoader            : Root WebApplicationContext: initialization completed in 3401 ms
2018-06-14 16:32:38.683  INFO 9948 --- [localhost-startStop-1] o.s.b.w.servlet.ServletRegistrationBean  : Mapping servlet: 'dispatcherServlet' to [/]
2018-06-14 16:32:38.695  INFO 9948 --- [localhost-startStop-1] o.s.b.w.servlet.FilterRegistrationBean   : Mapping filter: 'characterEncodingFilter' to: [/*]
2018-06-14 16:32:38.696  INFO 9948 --- [localhost-startStop-1] o.s.b.w.servlet.FilterRegistrationBean   : Mapping filter: 'hiddenHttpMethodFilter' to: [/*]
2018-06-14 16:32:38.696  INFO 9948 --- [localhost-startStop-1] o.s.b.w.servlet.FilterRegistrationBean   : Mapping filter: 'httpPutFormContentFilter' to: [/*]
2018-06-14 16:32:38.697  INFO 9948 --- [localhost-startStop-1] o.s.b.w.servlet.FilterRegistrationBean   : Mapping filter: 'requestContextFilter' to: [/*]
2018-06-14 16:32:42.351  INFO 9948 --- [localhost-startStop-1] o.d.gate.listener.GateContextListener    : 网关启动成功！监听端口：12001
2018-06-14 16:32:43.025  INFO 9948 --- [main] s.w.s.m.m.a.RequestMappingHandlerAdapter : Looking for @ControllerAdvice: org.springframework.boot.context.embedded.AnnotationConfigEmbeddedWebApplicationContext@3adcc812: startup date [Thu Jun 14 16:32:34 CST 2018]; root of context hierarchy
2018-06-14 16:32:43.149  INFO 9948 --- [main] s.w.s.m.m.a.RequestMappingHandlerMapping : Mapped "{[/error]}" onto public org.springframework.http.ResponseEntity<java.util.Map<java.lang.String, java.lang.Object>> org.springframework.boot.autoconfigure.web.BasicErrorController.error(javax.servlet.http.HttpServletRequest)
2018-06-14 16:32:43.152  INFO 9948 --- [main] s.w.s.m.m.a.RequestMappingHandlerMapping : Mapped "{[/error],produces=[text/html]}" onto public org.springframework.web.servlet.ModelAndView org.springframework.boot.autoconfigure.web.BasicErrorController.errorHtml(javax.servlet.http.HttpServletRequest,javax.servlet.http.HttpServletResponse)
2018-06-14 16:32:43.212  INFO 9948 --- [main] o.s.w.s.handler.SimpleUrlHandlerMapping  : Mapped URL path [/webjars/**] onto handler of type [class org.springframework.web.servlet.resource.ResourceHttpRequestHandler]
2018-06-14 16:32:43.212  INFO 9948 --- [main] o.s.w.s.handler.SimpleUrlHandlerMapping  : Mapped URL path [/**] onto handler of type [class org.springframework.web.servlet.resource.ResourceHttpRequestHandler]
2018-06-14 16:32:43.294  INFO 9948 --- [main] o.s.w.s.handler.SimpleUrlHandlerMapping  : Mapped URL path [/**/favicon.ico] onto handler of type [class org.springframework.web.servlet.resource.ResourceHttpRequestHandler]
2018-06-14 16:32:47.411  INFO 9948 --- [main] o.s.s.concurrent.ThreadPoolTaskExecutor  : Initializing ExecutorService 
2018-06-14 16:32:49.792  INFO 9948 --- [main] org.mongodb.driver.cluster               : Cluster created with settings {hosts=[192.168.1.111:27017], mode=MULTIPLE, requiredClusterType=UNKNOWN, serverSelectionTimeout='30000 ms', maxWaitQueueSize=500}
2018-06-14 16:32:49.792  INFO 9948 --- [main] org.mongodb.driver.cluster               : Adding discovered server 192.168.1.111:27017 to client view of cluster
2018-06-14 16:32:50.367  INFO 9948 --- [main] o.s.w.s.v.f.FreeMarkerConfigurer         : ClassTemplateLoader for Spring macros added to FreeMarker configuration
2018-06-14 16:32:50.853  INFO 9948 --- [cluster-ClusterId{value='5b22283125af5726dc0c9a52', description='null'}-192.168.1.111:27017] org.mongodb.driver.cluster               : Exception in monitor thread while connecting to server 192.168.1.111:27017

com.mongodb.MongoSocketOpenException: Exception opening socket
	at com.mongodb.connection.SocketStream.open(SocketStream.java:63) ~[mongodb-driver-core-3.4.3.jar:na]
	at com.mongodb.connection.InternalStreamConnection.open(InternalStreamConnection.java:115) ~[mongodb-driver-core-3.4.3.jar:na]
	at com.mongodb.connection.DefaultServerMonitor$ServerMonitorRunnable.run(DefaultServerMonitor.java:113) ~[mongodb-driver-core-3.4.3.jar:na]
	at java.lang.Thread.run(Thread.java:748) [na:1.8.0_144]
Caused by: java.net.ConnectException: Connection refused: connect
	at java.net.DualStackPlainSocketImpl.waitForConnect(Native Method) ~[na:1.8.0_144]
	at java.net.DualStackPlainSocketImpl.socketConnect(DualStackPlainSocketImpl.java:85) ~[na:1.8.0_144]
	at java.net.AbstractPlainSocketImpl.doConnect(AbstractPlainSocketImpl.java:350) ~[na:1.8.0_144]
	at java.net.AbstractPlainSocketImpl.connectToAddress(AbstractPlainSocketImpl.java:206) ~[na:1.8.0_144]
	at java.net.AbstractPlainSocketImpl.connect(AbstractPlainSocketImpl.java:188) ~[na:1.8.0_144]
	at java.net.PlainSocketImpl.connect(PlainSocketImpl.java:172) ~[na:1.8.0_144]
	at java.net.SocksSocketImpl.connect(SocksSocketImpl.java:392) ~[na:1.8.0_144]
	at java.net.Socket.connect(Socket.java:589) ~[na:1.8.0_144]
	at com.mongodb.connection.SocketStreamHelper.initialize(SocketStreamHelper.java:57) ~[mongodb-driver-core-3.4.3.jar:na]
	at com.mongodb.connection.SocketStream.open(SocketStream.java:58) ~[mongodb-driver-core-3.4.3.jar:na]
	... 3 common frames omitted

2018-06-14 16:32:51.113  INFO 9948 --- [main] o.s.j.e.a.AnnotationMBeanExporter        : Registering beans for JMX exposure on startup
2018-06-14 16:32:51.115  INFO 9948 --- [main] o.s.j.e.a.AnnotationMBeanExporter        : Bean with name 'dataSource' has been autodetected for JMX exposure
2018-06-14 16:32:51.124  INFO 9948 --- [main] o.s.j.e.a.AnnotationMBeanExporter        : Located MBean 'dataSource': registering with JMX server as MBean [com.alibaba.druid.pool:name=dataSource,type=DruidDataSource]
2018-06-14 16:32:51.131  INFO 9948 --- [main] o.s.c.support.DefaultLifecycleProcessor  : Starting beans in phase 2147483647
2018-06-14 16:32:51.232  INFO 9948 --- [main] s.b.c.e.t.TomcatEmbeddedServletContainer : Tomcat started on port(s): 8082 (http)
2018-06-14 16:32:51.245  INFO 9948 --- [main] org.darcy.gate.GateStartup               : Started GateStartup in 17.109 seconds (JVM running for 17.854)
2018-06-14 16:36:51.494  INFO 4740 --- [main] org.darcy.gate.GateStartup               : Starting GateStartup on LIPENG with PID 4740 (D:\Project\Sanguo\target\classes started by darcy in D:\Project\Sanguo)
2018-06-14 16:36:51.499  INFO 4740 --- [main] org.darcy.gate.GateStartup               : No active profile set, falling back to default profiles: default
2018-06-14 16:36:51.588  INFO 4740 --- [main] ationConfigEmbeddedWebApplicationContext : Refreshing org.springframework.boot.context.embedded.AnnotationConfigEmbeddedWebApplicationContext@512baff6: startup date [Thu Jun 14 16:36:51 CST 2018]; root of context hierarchy
2018-06-14 16:36:52.586  WARN 4740 --- [main] o.m.s.mapper.ClassPathMapperScanner      : No MyBatis mapper was found in '[org.darcy.gate]' package. Please check your configuration.
2018-06-14 16:36:52.648  INFO 4740 --- [main] .s.d.r.c.RepositoryConfigurationDelegate : Multiple Spring Data modules found, entering strict repository configuration mode!
2018-06-14 16:36:52.691  INFO 4740 --- [main] .s.d.r.c.RepositoryConfigurationDelegate : Multiple Spring Data modules found, entering strict repository configuration mode!
2018-06-14 16:36:54.834  INFO 4740 --- [main] s.b.c.e.t.TomcatEmbeddedServletContainer : Tomcat initialized with port(s): 8082 (http)
2018-06-14 16:36:54.849  INFO 4740 --- [main] o.apache.catalina.core.StandardService   : Starting service [Tomcat]
2018-06-14 16:36:54.851  INFO 4740 --- [main] org.apache.catalina.core.StandardEngine  : Starting Servlet Engine: Apache Tomcat/8.5.23
2018-06-14 16:36:55.054  INFO 4740 --- [localhost-startStop-1] o.a.c.c.C.[Tomcat].[localhost].[/]       : Initializing Spring embedded WebApplicationContext
2018-06-14 16:36:55.054  INFO 4740 --- [localhost-startStop-1] o.s.web.context.ContextLoader            : Root WebApplicationContext: initialization completed in 3470 ms
2018-06-14 16:36:55.480  INFO 4740 --- [localhost-startStop-1] o.s.b.w.servlet.ServletRegistrationBean  : Mapping servlet: 'dispatcherServlet' to [/]
2018-06-14 16:36:55.497  INFO 4740 --- [localhost-startStop-1] o.s.b.w.servlet.FilterRegistrationBean   : Mapping filter: 'characterEncodingFilter' to: [/*]
2018-06-14 16:36:55.503  INFO 4740 --- [localhost-startStop-1] o.s.b.w.servlet.FilterRegistrationBean   : Mapping filter: 'hiddenHttpMethodFilter' to: [/*]
2018-06-14 16:36:55.503  INFO 4740 --- [localhost-startStop-1] o.s.b.w.servlet.FilterRegistrationBean   : Mapping filter: 'httpPutFormContentFilter' to: [/*]
2018-06-14 16:36:55.503  INFO 4740 --- [localhost-startStop-1] o.s.b.w.servlet.FilterRegistrationBean   : Mapping filter: 'requestContextFilter' to: [/*]
2018-06-14 16:36:56.000  INFO 4740 --- [localhost-startStop-1] o.d.gate.listener.GateContextListener    : 网关启动成功！监听端口：12001
2018-06-14 16:36:56.708  INFO 4740 --- [main] s.w.s.m.m.a.RequestMappingHandlerAdapter : Looking for @ControllerAdvice: org.springframework.boot.context.embedded.AnnotationConfigEmbeddedWebApplicationContext@512baff6: startup date [Thu Jun 14 16:36:51 CST 2018]; root of context hierarchy
2018-06-14 16:36:56.826  INFO 4740 --- [main] s.w.s.m.m.a.RequestMappingHandlerMapping : Mapped "{[/error]}" onto public org.springframework.http.ResponseEntity<java.util.Map<java.lang.String, java.lang.Object>> org.springframework.boot.autoconfigure.web.BasicErrorController.error(javax.servlet.http.HttpServletRequest)
2018-06-14 16:36:56.828  INFO 4740 --- [main] s.w.s.m.m.a.RequestMappingHandlerMapping : Mapped "{[/error],produces=[text/html]}" onto public org.springframework.web.servlet.ModelAndView org.springframework.boot.autoconfigure.web.BasicErrorController.errorHtml(javax.servlet.http.HttpServletRequest,javax.servlet.http.HttpServletResponse)
2018-06-14 16:36:56.882  INFO 4740 --- [main] o.s.w.s.handler.SimpleUrlHandlerMapping  : Mapped URL path [/webjars/**] onto handler of type [class org.springframework.web.servlet.resource.ResourceHttpRequestHandler]
2018-06-14 16:36:56.882  INFO 4740 --- [main] o.s.w.s.handler.SimpleUrlHandlerMapping  : Mapped URL path [/**] onto handler of type [class org.springframework.web.servlet.resource.ResourceHttpRequestHandler]
2018-06-14 16:36:56.971  INFO 4740 --- [main] o.s.w.s.handler.SimpleUrlHandlerMapping  : Mapped URL path [/**/favicon.ico] onto handler of type [class org.springframework.web.servlet.resource.ResourceHttpRequestHandler]
2018-06-14 16:37:00.822  INFO 4740 --- [main] o.s.s.concurrent.ThreadPoolTaskExecutor  : Initializing ExecutorService 
2018-06-14 16:37:03.142  INFO 4740 --- [main] org.mongodb.driver.cluster               : Cluster created with settings {hosts=[localhost:27017], mode=SINGLE, requiredClusterType=UNKNOWN, serverSelectionTimeout='30000 ms', maxWaitQueueSize=500}
2018-06-14 16:37:03.718  INFO 4740 --- [main] o.s.w.s.v.f.FreeMarkerConfigurer         : ClassTemplateLoader for Spring macros added to FreeMarker configuration
2018-06-14 16:37:04.206  INFO 4740 --- [cluster-ClusterId{value='5b22292f25af5712840c3108', description='null'}-localhost:27017] org.mongodb.driver.cluster               : Exception in monitor thread while connecting to server localhost:27017

com.mongodb.MongoSocketOpenException: Exception opening socket
	at com.mongodb.connection.SocketStream.open(SocketStream.java:63) ~[mongodb-driver-core-3.4.3.jar:na]
	at com.mongodb.connection.InternalStreamConnection.open(InternalStreamConnection.java:115) ~[mongodb-driver-core-3.4.3.jar:na]
	at com.mongodb.connection.DefaultServerMonitor$ServerMonitorRunnable.run(DefaultServerMonitor.java:113) ~[mongodb-driver-core-3.4.3.jar:na]
	at java.lang.Thread.run(Thread.java:748) [na:1.8.0_144]
Caused by: java.net.ConnectException: Connection refused: connect
	at java.net.DualStackPlainSocketImpl.waitForConnect(Native Method) ~[na:1.8.0_144]
	at java.net.DualStackPlainSocketImpl.socketConnect(DualStackPlainSocketImpl.java:85) ~[na:1.8.0_144]
	at java.net.AbstractPlainSocketImpl.doConnect(AbstractPlainSocketImpl.java:350) ~[na:1.8.0_144]
	at java.net.AbstractPlainSocketImpl.connectToAddress(AbstractPlainSocketImpl.java:206) ~[na:1.8.0_144]
	at java.net.AbstractPlainSocketImpl.connect(AbstractPlainSocketImpl.java:188) ~[na:1.8.0_144]
	at java.net.PlainSocketImpl.connect(PlainSocketImpl.java:172) ~[na:1.8.0_144]
	at java.net.SocksSocketImpl.connect(SocksSocketImpl.java:392) ~[na:1.8.0_144]
	at java.net.Socket.connect(Socket.java:589) ~[na:1.8.0_144]
	at com.mongodb.connection.SocketStreamHelper.initialize(SocketStreamHelper.java:57) ~[mongodb-driver-core-3.4.3.jar:na]
	at com.mongodb.connection.SocketStream.open(SocketStream.java:58) ~[mongodb-driver-core-3.4.3.jar:na]
	... 3 common frames omitted

2018-06-14 16:37:04.482  INFO 4740 --- [main] o.s.j.e.a.AnnotationMBeanExporter        : Registering beans for JMX exposure on startup
2018-06-14 16:37:04.484  INFO 4740 --- [main] o.s.j.e.a.AnnotationMBeanExporter        : Bean with name 'dataSource' has been autodetected for JMX exposure
2018-06-14 16:37:04.490  INFO 4740 --- [main] o.s.j.e.a.AnnotationMBeanExporter        : Located MBean 'dataSource': registering with JMX server as MBean [com.alibaba.druid.pool:name=dataSource,type=DruidDataSource]
2018-06-14 16:37:04.502  INFO 4740 --- [main] o.s.c.support.DefaultLifecycleProcessor  : Starting beans in phase 2147483647
2018-06-14 16:37:04.591  INFO 4740 --- [main] s.b.c.e.t.TomcatEmbeddedServletContainer : Tomcat started on port(s): 8082 (http)
2018-06-14 16:37:04.599  INFO 4740 --- [main] org.darcy.gate.GateStartup               : Started GateStartup in 13.616 seconds (JVM running for 14.366)
2018-06-14 16:38:36.618  INFO 12220 --- [main] org.darcy.gate.GateStartup               : Starting GateStartup on LIPENG with PID 12220 (D:\Project\Sanguo\target\classes started by darcy in D:\Project\Sanguo)
2018-06-14 16:38:36.625  INFO 12220 --- [main] org.darcy.gate.GateStartup               : No active profile set, falling back to default profiles: default
2018-06-14 16:38:43.171  INFO 9832 --- [main] org.darcy.gate.GateStartup               : Starting GateStartup on LIPENG with PID 9832 (D:\Project\Sanguo\target\classes started by darcy in D:\Project\Sanguo)
2018-06-14 16:38:43.177  INFO 9832 --- [main] org.darcy.gate.GateStartup               : No active profile set, falling back to default profiles: default
2018-06-14 16:38:43.253  INFO 9832 --- [main] ationConfigEmbeddedWebApplicationContext : Refreshing org.springframework.boot.context.embedded.AnnotationConfigEmbeddedWebApplicationContext@67545b57: startup date [Thu Jun 14 16:38:43 CST 2018]; root of context hierarchy
2018-06-14 16:38:44.233  WARN 9832 --- [main] o.m.s.mapper.ClassPathMapperScanner      : No MyBatis mapper was found in '[org.darcy.gate]' package. Please check your configuration.
2018-06-14 16:38:44.296  INFO 9832 --- [main] .s.d.r.c.RepositoryConfigurationDelegate : Multiple Spring Data modules found, entering strict repository configuration mode!
2018-06-14 16:38:46.577  INFO 9832 --- [main] s.b.c.e.t.TomcatEmbeddedServletContainer : Tomcat initialized with port(s): 8082 (http)
2018-06-14 16:38:46.597  INFO 9832 --- [main] o.apache.catalina.core.StandardService   : Starting service [Tomcat]
2018-06-14 16:38:46.599  INFO 9832 --- [main] org.apache.catalina.core.StandardEngine  : Starting Servlet Engine: Apache Tomcat/8.5.23
2018-06-14 16:38:46.843  INFO 9832 --- [localhost-startStop-1] o.a.c.c.C.[Tomcat].[localhost].[/]       : Initializing Spring embedded WebApplicationContext
2018-06-14 16:38:46.844  INFO 9832 --- [localhost-startStop-1] o.s.web.context.ContextLoader            : Root WebApplicationContext: initialization completed in 3596 ms
2018-06-14 16:38:47.253  INFO 9832 --- [localhost-startStop-1] o.s.b.w.servlet.ServletRegistrationBean  : Mapping servlet: 'dispatcherServlet' to [/]
2018-06-14 16:38:47.260  INFO 9832 --- [localhost-startStop-1] o.s.b.w.servlet.FilterRegistrationBean   : Mapping filter: 'characterEncodingFilter' to: [/*]
2018-06-14 16:38:47.260  INFO 9832 --- [localhost-startStop-1] o.s.b.w.servlet.FilterRegistrationBean   : Mapping filter: 'hiddenHttpMethodFilter' to: [/*]
2018-06-14 16:38:47.260  INFO 9832 --- [localhost-startStop-1] o.s.b.w.servlet.FilterRegistrationBean   : Mapping filter: 'httpPutFormContentFilter' to: [/*]
2018-06-14 16:38:47.261  INFO 9832 --- [localhost-startStop-1] o.s.b.w.servlet.FilterRegistrationBean   : Mapping filter: 'requestContextFilter' to: [/*]
2018-06-14 16:38:47.778  INFO 9832 --- [localhost-startStop-1] o.d.gate.listener.GateContextListener    : 网关启动成功！监听端口：12001
2018-06-14 16:38:48.445  INFO 9832 --- [main] s.w.s.m.m.a.RequestMappingHandlerAdapter : Looking for @ControllerAdvice: org.springframework.boot.context.embedded.AnnotationConfigEmbeddedWebApplicationContext@67545b57: startup date [Thu Jun 14 16:38:43 CST 2018]; root of context hierarchy
2018-06-14 16:38:48.555  INFO 9832 --- [main] s.w.s.m.m.a.RequestMappingHandlerMapping : Mapped "{[/error]}" onto public org.springframework.http.ResponseEntity<java.util.Map<java.lang.String, java.lang.Object>> org.springframework.boot.autoconfigure.web.BasicErrorController.error(javax.servlet.http.HttpServletRequest)
2018-06-14 16:38:48.558  INFO 9832 --- [main] s.w.s.m.m.a.RequestMappingHandlerMapping : Mapped "{[/error],produces=[text/html]}" onto public org.springframework.web.servlet.ModelAndView org.springframework.boot.autoconfigure.web.BasicErrorController.errorHtml(javax.servlet.http.HttpServletRequest,javax.servlet.http.HttpServletResponse)
2018-06-14 16:38:48.626  INFO 9832 --- [main] o.s.w.s.handler.SimpleUrlHandlerMapping  : Mapped URL path [/webjars/**] onto handler of type [class org.springframework.web.servlet.resource.ResourceHttpRequestHandler]
2018-06-14 16:38:48.626  INFO 9832 --- [main] o.s.w.s.handler.SimpleUrlHandlerMapping  : Mapped URL path [/**] onto handler of type [class org.springframework.web.servlet.resource.ResourceHttpRequestHandler]
2018-06-14 16:38:48.709  INFO 9832 --- [main] o.s.w.s.handler.SimpleUrlHandlerMapping  : Mapped URL path [/**/favicon.ico] onto handler of type [class org.springframework.web.servlet.resource.ResourceHttpRequestHandler]
2018-06-14 16:38:52.565  INFO 9832 --- [main] o.s.s.concurrent.ThreadPoolTaskExecutor  : Initializing ExecutorService 
2018-06-14 16:38:52.906  INFO 9832 --- [main] o.s.w.s.v.f.FreeMarkerConfigurer         : ClassTemplateLoader for Spring macros added to FreeMarker configuration
2018-06-14 16:38:53.650  INFO 9832 --- [main] o.s.j.e.a.AnnotationMBeanExporter        : Registering beans for JMX exposure on startup
2018-06-14 16:38:53.653  INFO 9832 --- [main] o.s.j.e.a.AnnotationMBeanExporter        : Bean with name 'dataSource' has been autodetected for JMX exposure
2018-06-14 16:38:53.663  INFO 9832 --- [main] o.s.j.e.a.AnnotationMBeanExporter        : Located MBean 'dataSource': registering with JMX server as MBean [com.alibaba.druid.pool:name=dataSource,type=DruidDataSource]
2018-06-14 16:38:53.672  INFO 9832 --- [main] o.s.c.support.DefaultLifecycleProcessor  : Starting beans in phase 2147483647
2018-06-14 16:38:53.757  INFO 9832 --- [main] s.b.c.e.t.TomcatEmbeddedServletContainer : Tomcat started on port(s): 8082 (http)
2018-06-14 16:38:53.762  INFO 9832 --- [main] org.darcy.gate.GateStartup               : Started GateStartup in 11.136 seconds (JVM running for 11.841)
2018-06-14 16:40:23.509  INFO 5756 --- [main] org.darcy.gate.GateStartup               : Starting GateStartup on LIPENG with PID 5756 (D:\Project\Sanguo\target\classes started by darcy in D:\Project\Sanguo)
2018-06-14 16:40:23.514  INFO 5756 --- [main] org.darcy.gate.GateStartup               : No active profile set, falling back to default profiles: default
2018-06-14 16:40:23.583  INFO 5756 --- [main] ationConfigEmbeddedWebApplicationContext : Refreshing org.springframework.boot.context.embedded.AnnotationConfigEmbeddedWebApplicationContext@67545b57: startup date [Thu Jun 14 16:40:23 CST 2018]; root of context hierarchy
2018-06-14 16:40:24.554  WARN 5756 --- [main] o.m.s.mapper.ClassPathMapperScanner      : No MyBatis mapper was found in '[org.darcy.gate]' package. Please check your configuration.
2018-06-14 16:40:24.616  INFO 5756 --- [main] .s.d.r.c.RepositoryConfigurationDelegate : Multiple Spring Data modules found, entering strict repository configuration mode!
2018-06-14 16:40:26.719  INFO 5756 --- [main] s.b.c.e.t.TomcatEmbeddedServletContainer : Tomcat initialized with port(s): 8082 (http)
2018-06-14 16:40:26.736  INFO 5756 --- [main] o.apache.catalina.core.StandardService   : Starting service [Tomcat]
2018-06-14 16:40:26.739  INFO 5756 --- [main] org.apache.catalina.core.StandardEngine  : Starting Servlet Engine: Apache Tomcat/8.5.23
2018-06-14 16:40:26.951  INFO 5756 --- [localhost-startStop-1] o.a.c.c.C.[Tomcat].[localhost].[/]       : Initializing Spring embedded WebApplicationContext
2018-06-14 16:40:26.951  INFO 5756 --- [localhost-startStop-1] o.s.web.context.ContextLoader            : Root WebApplicationContext: initialization completed in 3372 ms
2018-06-14 16:40:27.360  INFO 5756 --- [localhost-startStop-1] o.s.b.w.servlet.ServletRegistrationBean  : Mapping servlet: 'dispatcherServlet' to [/]
2018-06-14 16:40:27.367  INFO 5756 --- [localhost-startStop-1] o.s.b.w.servlet.FilterRegistrationBean   : Mapping filter: 'characterEncodingFilter' to: [/*]
2018-06-14 16:40:27.367  INFO 5756 --- [localhost-startStop-1] o.s.b.w.servlet.FilterRegistrationBean   : Mapping filter: 'hiddenHttpMethodFilter' to: [/*]
2018-06-14 16:40:27.368  INFO 5756 --- [localhost-startStop-1] o.s.b.w.servlet.FilterRegistrationBean   : Mapping filter: 'httpPutFormContentFilter' to: [/*]
2018-06-14 16:40:27.368  INFO 5756 --- [localhost-startStop-1] o.s.b.w.servlet.FilterRegistrationBean   : Mapping filter: 'requestContextFilter' to: [/*]
2018-06-14 16:40:29.309  INFO 5756 --- [localhost-startStop-1] o.d.gate.listener.GateContextListener    : 网关启动成功！监听端口：12001
2018-06-14 16:40:29.922  INFO 5756 --- [main] s.w.s.m.m.a.RequestMappingHandlerAdapter : Looking for @ControllerAdvice: org.springframework.boot.context.embedded.AnnotationConfigEmbeddedWebApplicationContext@67545b57: startup date [Thu Jun 14 16:40:23 CST 2018]; root of context hierarchy
2018-06-14 16:40:30.035  INFO 5756 --- [main] s.w.s.m.m.a.RequestMappingHandlerMapping : Mapped "{[/error]}" onto public org.springframework.http.ResponseEntity<java.util.Map<java.lang.String, java.lang.Object>> org.springframework.boot.autoconfigure.web.BasicErrorController.error(javax.servlet.http.HttpServletRequest)
2018-06-14 16:40:30.037  INFO 5756 --- [main] s.w.s.m.m.a.RequestMappingHandlerMapping : Mapped "{[/error],produces=[text/html]}" onto public org.springframework.web.servlet.ModelAndView org.springframework.boot.autoconfigure.web.BasicErrorController.errorHtml(javax.servlet.http.HttpServletRequest,javax.servlet.http.HttpServletResponse)
2018-06-14 16:40:30.098  INFO 5756 --- [main] o.s.w.s.handler.SimpleUrlHandlerMapping  : Mapped URL path [/webjars/**] onto handler of type [class org.springframework.web.servlet.resource.ResourceHttpRequestHandler]
2018-06-14 16:40:30.099  INFO 5756 --- [main] o.s.w.s.handler.SimpleUrlHandlerMapping  : Mapped URL path [/**] onto handler of type [class org.springframework.web.servlet.resource.ResourceHttpRequestHandler]
2018-06-14 16:40:30.183  INFO 5756 --- [main] o.s.w.s.handler.SimpleUrlHandlerMapping  : Mapped URL path [/**/favicon.ico] onto handler of type [class org.springframework.web.servlet.resource.ResourceHttpRequestHandler]
2018-06-14 16:40:34.026  INFO 5756 --- [main] o.s.s.concurrent.ThreadPoolTaskExecutor  : Initializing ExecutorService 
2018-06-14 16:40:34.368  INFO 5756 --- [main] o.s.w.s.v.f.FreeMarkerConfigurer         : ClassTemplateLoader for Spring macros added to FreeMarker configuration
2018-06-14 16:40:35.047  INFO 5756 --- [main] o.s.j.e.a.AnnotationMBeanExporter        : Registering beans for JMX exposure on startup
2018-06-14 16:40:35.049  INFO 5756 --- [main] o.s.j.e.a.AnnotationMBeanExporter        : Bean with name 'dataSource' has been autodetected for JMX exposure
2018-06-14 16:40:35.054  INFO 5756 --- [main] o.s.j.e.a.AnnotationMBeanExporter        : Located MBean 'dataSource': registering with JMX server as MBean [com.alibaba.druid.pool:name=dataSource,type=DruidDataSource]
2018-06-14 16:40:35.061  INFO 5756 --- [main] o.s.c.support.DefaultLifecycleProcessor  : Starting beans in phase 2147483647
2018-06-14 16:40:35.140  INFO 5756 --- [main] s.b.c.e.t.TomcatEmbeddedServletContainer : Tomcat started on port(s): 8082 (http)
2018-06-14 16:40:35.147  INFO 5756 --- [main] org.darcy.gate.GateStartup               : Started GateStartup in 12.16 seconds (JVM running for 12.876)
